05-04-19 19_30_29 Begin training rms-wrate-sim103.
05-04-19 19_30_30 Begin processing 0/20: sub-07_fm180074 
05-04-19 19_30_30 Searching space is:
05-04-19 19_30_30     alpha : [0.00000000e+00 1.00000000e+00 3.98107171e+00 1.58489319e+01
05-04-19 19_30_30  6.30957344e+01 2.51188643e+02 3.16227766e+02 3.79269019e+02
05-04-19 19_30_30  4.54877795e+02 5.45559478e+02 6.54318913e+02 7.84759970e+02
05-04-19 19_30_30  9.41204967e+02 1.12883789e+03 1.35387618e+03 1.62377674e+03
05-04-19 19_30_30  1.94748304e+03 2.33572147e+03 2.80135676e+03 3.35981829e+03
05-04-19 19_30_30  4.02961132e+03 4.83293024e+03 5.79639395e+03 6.95192796e+03
05-04-19 19_30_30  8.33782223e+03 1.00000000e+04 1.25892541e+04 3.54813389e+04
05-04-19 19_30_30  1.00000000e+05]
05-04-19 19_30_30     dim   : [  1   2   3   5   7   9  11  13  15  17  19  21  23  25  25  35  45  55
05-04-19 19_30_30   65  75  85  95 105]
05-04-19 19_30_30 
05-04-19 19_30_56 Fold 0/9
05-04-19 19_40_16 Begin training rms-wrate-sim103.
05-04-19 19_40_17 Begin processing 0/20: sub-07_fm180074 
05-04-19 19_40_17 Searching space is:
05-04-19 19_40_17     alpha : [0.00000000e+00 1.00000000e+00 3.98107171e+00 1.58489319e+01
05-04-19 19_40_17  6.30957344e+01 2.51188643e+02 3.16227766e+02 3.79269019e+02
05-04-19 19_40_17  4.54877795e+02 5.45559478e+02 6.54318913e+02 7.84759970e+02
05-04-19 19_40_17  9.41204967e+02 1.12883789e+03 1.35387618e+03 1.62377674e+03
05-04-19 19_40_17  1.94748304e+03 2.33572147e+03 2.80135676e+03 3.35981829e+03
05-04-19 19_40_17  4.02961132e+03 4.83293024e+03 5.79639395e+03 6.95192796e+03
05-04-19 19_40_17  8.33782223e+03 1.00000000e+04 1.25892541e+04 3.54813389e+04
05-04-19 19_40_17  1.00000000e+05]
05-04-19 19_40_17     dim   : [  1   2   3   5   7   9  11  13  15  17  19  21  23  25  25  35  45  55
05-04-19 19_40_17   65  75  85  95 105]
05-04-19 19_40_17 
05-04-19 19_40_37 Fold 0/9
05-04-19 19_41_55 Begin training rms-wrate-sim103.
05-04-19 19_41_56 Begin processing 0/20: sub-07_fm180074 
05-04-19 19_41_56 Searching space is:
05-04-19 19_41_56     alpha : [0.00000000e+00 1.00000000e+00 3.98107171e+00 1.58489319e+01
05-04-19 19_41_56  6.30957344e+01 2.51188643e+02 3.16227766e+02 3.79269019e+02
05-04-19 19_41_56  4.54877795e+02 5.45559478e+02 6.54318913e+02 7.84759970e+02
05-04-19 19_41_56  9.41204967e+02 1.12883789e+03 1.35387618e+03 1.62377674e+03
05-04-19 19_41_56  1.94748304e+03 2.33572147e+03 2.80135676e+03 3.35981829e+03
05-04-19 19_41_56  4.02961132e+03 4.83293024e+03 5.79639395e+03 6.95192796e+03
05-04-19 19_41_56  8.33782223e+03 1.00000000e+04 1.25892541e+04 3.54813389e+04
05-04-19 19_41_56  1.00000000e+05]
05-04-19 19_41_56     dim   : [  1   2   3   5   7   9  11  13  15  17  19  21  23  25  25  35  45  55
05-04-19 19_41_56   65  75  85  95 105]
05-04-19 19_41_56 
05-04-19 19_41_57 Skip training sub-07_fm180074, using cached file.
05-04-19 19_41_57 Begin processing 1/20: sub-17_sy180140 
05-04-19 19_41_57 Searching space is:
05-04-19 19_41_57     alpha : [0.00000000e+00 1.00000000e+00 3.98107171e+00 1.58489319e+01
05-04-19 19_41_57  6.30957344e+01 2.51188643e+02 3.16227766e+02 3.79269019e+02
05-04-19 19_41_57  4.54877795e+02 5.45559478e+02 6.54318913e+02 7.84759970e+02
05-04-19 19_41_57  9.41204967e+02 1.12883789e+03 1.35387618e+03 1.62377674e+03
05-04-19 19_41_57  1.94748304e+03 2.33572147e+03 2.80135676e+03 3.35981829e+03
05-04-19 19_41_57  4.02961132e+03 4.83293024e+03 5.79639395e+03 6.95192796e+03
05-04-19 19_41_57  8.33782223e+03 1.00000000e+04 1.25892541e+04 3.54813389e+04
05-04-19 19_41_57  1.00000000e+05]
05-04-19 19_41_57     dim   : [  1   2   3   5   7   9  11  13  15  17  19  21  23  25  25  35  45  55
05-04-19 19_41_57   65  75  85  95 105]
05-04-19 19_41_57 
05-04-19 19_41_58 Skip training sub-17_sy180140, using cached file.
05-04-19 19_41_58 Begin processing 2/20: sub-13_mp150285 
05-04-19 19_41_58 Searching space is:
05-04-19 19_41_58     alpha : [0.00000000e+00 1.00000000e+00 3.98107171e+00 1.58489319e+01
05-04-19 19_41_58  6.30957344e+01 2.51188643e+02 3.16227766e+02 3.79269019e+02
05-04-19 19_41_58  4.54877795e+02 5.45559478e+02 6.54318913e+02 7.84759970e+02
05-04-19 19_41_58  9.41204967e+02 1.12883789e+03 1.35387618e+03 1.62377674e+03
05-04-19 19_41_58  1.94748304e+03 2.33572147e+03 2.80135676e+03 3.35981829e+03
05-04-19 19_41_58  4.02961132e+03 4.83293024e+03 5.79639395e+03 6.95192796e+03
05-04-19 19_41_58  8.33782223e+03 1.00000000e+04 1.25892541e+04 3.54813389e+04
05-04-19 19_41_58  1.00000000e+05]
05-04-19 19_41_58     dim   : [  1   2   3   5   7   9  11  13  15  17  19  21  23  25  25  35  45  55
05-04-19 19_41_58   65  75  85  95 105]
05-04-19 19_41_58 
05-04-19 19_41_58 Skip training sub-13_mp150285, using cached file.
05-04-19 19_41_58 Begin processing 3/20: sub-02_ag170045 
05-04-19 19_41_58 Searching space is:
05-04-19 19_41_58     alpha : [0.00000000e+00 1.00000000e+00 3.98107171e+00 1.58489319e+01
05-04-19 19_41_58  6.30957344e+01 2.51188643e+02 3.16227766e+02 3.79269019e+02
05-04-19 19_41_58  4.54877795e+02 5.45559478e+02 6.54318913e+02 7.84759970e+02
05-04-19 19_41_58  9.41204967e+02 1.12883789e+03 1.35387618e+03 1.62377674e+03
05-04-19 19_41_58  1.94748304e+03 2.33572147e+03 2.80135676e+03 3.35981829e+03
05-04-19 19_41_58  4.02961132e+03 4.83293024e+03 5.79639395e+03 6.95192796e+03
05-04-19 19_41_58  8.33782223e+03 1.00000000e+04 1.25892541e+04 3.54813389e+04
05-04-19 19_41_58  1.00000000e+05]
05-04-19 19_41_58     dim   : [  1   2   3   5   7   9  11  13  15  17  19  21  23  25  25  35  45  55
05-04-19 19_41_58   65  75  85  95 105]
05-04-19 19_41_58 
05-04-19 19_41_59 Skip training sub-02_ag170045, using cached file.
05-04-19 19_41_59 Begin processing 4/20: sub-18_cr170417 
05-04-19 19_41_59 Searching space is:
05-04-19 19_41_59     alpha : [0.00000000e+00 1.00000000e+00 3.98107171e+00 1.58489319e+01
05-04-19 19_41_59  6.30957344e+01 2.51188643e+02 3.16227766e+02 3.79269019e+02
05-04-19 19_41_59  4.54877795e+02 5.45559478e+02 6.54318913e+02 7.84759970e+02
05-04-19 19_41_59  9.41204967e+02 1.12883789e+03 1.35387618e+03 1.62377674e+03
05-04-19 19_41_59  1.94748304e+03 2.33572147e+03 2.80135676e+03 3.35981829e+03
05-04-19 19_41_59  4.02961132e+03 4.83293024e+03 5.79639395e+03 6.95192796e+03
05-04-19 19_41_59  8.33782223e+03 1.00000000e+04 1.25892541e+04 3.54813389e+04
05-04-19 19_41_59  1.00000000e+05]
05-04-19 19_41_59     dim   : [  1   2   3   5   7   9  11  13  15  17  19  21  23  25  25  35  45  55
05-04-19 19_41_59   65  75  85  95 105]
05-04-19 19_41_59 
05-04-19 19_42_00 Skip training sub-18_cr170417, using cached file.
05-04-19 19_42_00 Begin processing 5/20: sub-14_mt170249 
05-04-19 19_42_00 Searching space is:
05-04-19 19_42_00     alpha : [0.00000000e+00 1.00000000e+00 3.98107171e+00 1.58489319e+01
05-04-19 19_42_00  6.30957344e+01 2.51188643e+02 3.16227766e+02 3.79269019e+02
05-04-19 19_42_00  4.54877795e+02 5.45559478e+02 6.54318913e+02 7.84759970e+02
05-04-19 19_42_00  9.41204967e+02 1.12883789e+03 1.35387618e+03 1.62377674e+03
05-04-19 19_42_00  1.94748304e+03 2.33572147e+03 2.80135676e+03 3.35981829e+03
05-04-19 19_42_00  4.02961132e+03 4.83293024e+03 5.79639395e+03 6.95192796e+03
05-04-19 19_42_00  8.33782223e+03 1.00000000e+04 1.25892541e+04 3.54813389e+04
05-04-19 19_42_00  1.00000000e+05]
05-04-19 19_42_00     dim   : [  1   2   3   5   7   9  11  13  15  17  19  21  23  25  25  35  45  55
05-04-19 19_42_00   65  75  85  95 105]
05-04-19 19_42_00 
05-04-19 19_42_00 Skip training sub-14_mt170249, using cached file.
05-04-19 19_42_00 Begin processing 6/20: sub-05_cj160239 
05-04-19 19_42_00 Searching space is:
05-04-19 19_42_00     alpha : [0.00000000e+00 1.00000000e+00 3.98107171e+00 1.58489319e+01
05-04-19 19_42_00  6.30957344e+01 2.51188643e+02 3.16227766e+02 3.79269019e+02
05-04-19 19_42_00  4.54877795e+02 5.45559478e+02 6.54318913e+02 7.84759970e+02
05-04-19 19_42_00  9.41204967e+02 1.12883789e+03 1.35387618e+03 1.62377674e+03
05-04-19 19_42_00  1.94748304e+03 2.33572147e+03 2.80135676e+03 3.35981829e+03
05-04-19 19_42_00  4.02961132e+03 4.83293024e+03 5.79639395e+03 6.95192796e+03
05-04-19 19_42_00  8.33782223e+03 1.00000000e+04 1.25892541e+04 3.54813389e+04
05-04-19 19_42_00  1.00000000e+05]
05-04-19 19_42_00     dim   : [  1   2   3   5   7   9  11  13  15  17  19  21  23  25  25  35  45  55
05-04-19 19_42_00   65  75  85  95 105]
05-04-19 19_42_00 
05-04-19 19_42_33 Fold 0/9
05-04-19 19_46_29 Begin training rms-wrate-sim103.
05-04-19 19_46_31 Begin processing 0/20: sub-07_fm180074 
05-04-19 19_46_31 Searching space is:
05-04-19 19_46_31     alpha : [0.00000000e+00 1.00000000e+00 3.98107171e+00 1.58489319e+01
05-04-19 19_46_31  6.30957344e+01 2.51188643e+02 3.16227766e+02 3.79269019e+02
05-04-19 19_46_31  4.54877795e+02 5.45559478e+02 6.54318913e+02 7.84759970e+02
05-04-19 19_46_31  9.41204967e+02 1.12883789e+03 1.35387618e+03 1.62377674e+03
05-04-19 19_46_31  1.94748304e+03 2.33572147e+03 2.80135676e+03 3.35981829e+03
05-04-19 19_46_31  4.02961132e+03 4.83293024e+03 5.79639395e+03 6.95192796e+03
05-04-19 19_46_31  8.33782223e+03 1.00000000e+04 1.25892541e+04 3.54813389e+04
05-04-19 19_46_31  1.00000000e+05]
05-04-19 19_46_31     dim   : [  1   2   3   5   7   9  11  13  15  17  19  21  23  25  25  35  45  55
05-04-19 19_46_31   65  75  85  95 105]
05-04-19 19_46_31 
05-04-19 19_46_32 Skip training sub-07_fm180074, using cached file.
05-04-19 19_46_32 Begin processing 1/20: sub-17_sy180140 
05-04-19 19_46_32 Searching space is:
05-04-19 19_46_32     alpha : [0.00000000e+00 1.00000000e+00 3.98107171e+00 1.58489319e+01
05-04-19 19_46_32  6.30957344e+01 2.51188643e+02 3.16227766e+02 3.79269019e+02
05-04-19 19_46_32  4.54877795e+02 5.45559478e+02 6.54318913e+02 7.84759970e+02
05-04-19 19_46_32  9.41204967e+02 1.12883789e+03 1.35387618e+03 1.62377674e+03
05-04-19 19_46_32  1.94748304e+03 2.33572147e+03 2.80135676e+03 3.35981829e+03
05-04-19 19_46_32  4.02961132e+03 4.83293024e+03 5.79639395e+03 6.95192796e+03
05-04-19 19_46_32  8.33782223e+03 1.00000000e+04 1.25892541e+04 3.54813389e+04
05-04-19 19_46_32  1.00000000e+05]
05-04-19 19_46_32     dim   : [  1   2   3   5   7   9  11  13  15  17  19  21  23  25  25  35  45  55
05-04-19 19_46_32   65  75  85  95 105]
05-04-19 19_46_32 
05-04-19 19_46_33 Skip training sub-17_sy180140, using cached file.
05-04-19 19_46_33 Begin processing 2/20: sub-13_mp150285 
05-04-19 19_46_33 Searching space is:
05-04-19 19_46_33     alpha : [0.00000000e+00 1.00000000e+00 3.98107171e+00 1.58489319e+01
05-04-19 19_46_33  6.30957344e+01 2.51188643e+02 3.16227766e+02 3.79269019e+02
05-04-19 19_46_33  4.54877795e+02 5.45559478e+02 6.54318913e+02 7.84759970e+02
05-04-19 19_46_33  9.41204967e+02 1.12883789e+03 1.35387618e+03 1.62377674e+03
05-04-19 19_46_33  1.94748304e+03 2.33572147e+03 2.80135676e+03 3.35981829e+03
05-04-19 19_46_33  4.02961132e+03 4.83293024e+03 5.79639395e+03 6.95192796e+03
05-04-19 19_46_33  8.33782223e+03 1.00000000e+04 1.25892541e+04 3.54813389e+04
05-04-19 19_46_33  1.00000000e+05]
05-04-19 19_46_33     dim   : [  1   2   3   5   7   9  11  13  15  17  19  21  23  25  25  35  45  55
05-04-19 19_46_33   65  75  85  95 105]
05-04-19 19_46_33 
05-04-19 19_46_34 Skip training sub-13_mp150285, using cached file.
05-04-19 19_46_34 Begin processing 3/20: sub-02_ag170045 
05-04-19 19_46_34 Searching space is:
05-04-19 19_46_34     alpha : [0.00000000e+00 1.00000000e+00 3.98107171e+00 1.58489319e+01
05-04-19 19_46_34  6.30957344e+01 2.51188643e+02 3.16227766e+02 3.79269019e+02
05-04-19 19_46_34  4.54877795e+02 5.45559478e+02 6.54318913e+02 7.84759970e+02
05-04-19 19_46_34  9.41204967e+02 1.12883789e+03 1.35387618e+03 1.62377674e+03
05-04-19 19_46_34  1.94748304e+03 2.33572147e+03 2.80135676e+03 3.35981829e+03
05-04-19 19_46_34  4.02961132e+03 4.83293024e+03 5.79639395e+03 6.95192796e+03
05-04-19 19_46_34  8.33782223e+03 1.00000000e+04 1.25892541e+04 3.54813389e+04
05-04-19 19_46_34  1.00000000e+05]
05-04-19 19_46_34     dim   : [  1   2   3   5   7   9  11  13  15  17  19  21  23  25  25  35  45  55
05-04-19 19_46_34   65  75  85  95 105]
05-04-19 19_46_34 
05-04-19 19_46_35 Skip training sub-02_ag170045, using cached file.
05-04-19 19_46_35 Begin processing 4/20: sub-18_cr170417 
05-04-19 19_46_35 Searching space is:
05-04-19 19_46_35     alpha : [0.00000000e+00 1.00000000e+00 3.98107171e+00 1.58489319e+01
05-04-19 19_46_35  6.30957344e+01 2.51188643e+02 3.16227766e+02 3.79269019e+02
05-04-19 19_46_35  4.54877795e+02 5.45559478e+02 6.54318913e+02 7.84759970e+02
05-04-19 19_46_35  9.41204967e+02 1.12883789e+03 1.35387618e+03 1.62377674e+03
05-04-19 19_46_35  1.94748304e+03 2.33572147e+03 2.80135676e+03 3.35981829e+03
05-04-19 19_46_35  4.02961132e+03 4.83293024e+03 5.79639395e+03 6.95192796e+03
05-04-19 19_46_35  8.33782223e+03 1.00000000e+04 1.25892541e+04 3.54813389e+04
05-04-19 19_46_35  1.00000000e+05]
05-04-19 19_46_35     dim   : [  1   2   3   5   7   9  11  13  15  17  19  21  23  25  25  35  45  55
05-04-19 19_46_35   65  75  85  95 105]
05-04-19 19_46_35 
05-04-19 19_46_35 Skip training sub-18_cr170417, using cached file.
05-04-19 19_46_35 Begin processing 5/20: sub-14_mt170249 
05-04-19 19_46_35 Searching space is:
05-04-19 19_46_35     alpha : [0.00000000e+00 1.00000000e+00 3.98107171e+00 1.58489319e+01
05-04-19 19_46_35  6.30957344e+01 2.51188643e+02 3.16227766e+02 3.79269019e+02
05-04-19 19_46_35  4.54877795e+02 5.45559478e+02 6.54318913e+02 7.84759970e+02
05-04-19 19_46_35  9.41204967e+02 1.12883789e+03 1.35387618e+03 1.62377674e+03
05-04-19 19_46_35  1.94748304e+03 2.33572147e+03 2.80135676e+03 3.35981829e+03
05-04-19 19_46_35  4.02961132e+03 4.83293024e+03 5.79639395e+03 6.95192796e+03
05-04-19 19_46_35  8.33782223e+03 1.00000000e+04 1.25892541e+04 3.54813389e+04
05-04-19 19_46_35  1.00000000e+05]
05-04-19 19_46_35     dim   : [  1   2   3   5   7   9  11  13  15  17  19  21  23  25  25  35  45  55
05-04-19 19_46_35   65  75  85  95 105]
05-04-19 19_46_35 
05-04-19 19_46_36 Skip training sub-14_mt170249, using cached file.
05-04-19 19_46_36 Begin processing 6/20: sub-05_cj160239 
05-04-19 19_46_36 Searching space is:
05-04-19 19_46_36     alpha : [0.00000000e+00 1.00000000e+00 3.98107171e+00 1.58489319e+01
05-04-19 19_46_36  6.30957344e+01 2.51188643e+02 3.16227766e+02 3.79269019e+02
05-04-19 19_46_36  4.54877795e+02 5.45559478e+02 6.54318913e+02 7.84759970e+02
05-04-19 19_46_36  9.41204967e+02 1.12883789e+03 1.35387618e+03 1.62377674e+03
05-04-19 19_46_36  1.94748304e+03 2.33572147e+03 2.80135676e+03 3.35981829e+03
05-04-19 19_46_36  4.02961132e+03 4.83293024e+03 5.79639395e+03 6.95192796e+03
05-04-19 19_46_36  8.33782223e+03 1.00000000e+04 1.25892541e+04 3.54813389e+04
05-04-19 19_46_36  1.00000000e+05]
05-04-19 19_46_36     dim   : [  1   2   3   5   7   9  11  13  15  17  19  21  23  25  25  35  45  55
05-04-19 19_46_36   65  75  85  95 105]
05-04-19 19_46_36 
05-04-19 19_47_29 Fold 0/9
05-04-19 19_54_48 Begin training rms-wrate-sim103.
05-04-19 19_54_49 Begin processing 0/20: sub-07_fm180074 
05-04-19 19_54_49 Searching space is:
05-04-19 19_54_49     alpha : [0.00000000e+00 1.00000000e+00 3.98107171e+00 1.58489319e+01
05-04-19 19_54_49  6.30957344e+01 2.51188643e+02 3.16227766e+02 3.79269019e+02
05-04-19 19_54_49  4.54877795e+02 5.45559478e+02 6.54318913e+02 7.84759970e+02
05-04-19 19_54_49  9.41204967e+02 1.12883789e+03 1.35387618e+03 1.62377674e+03
05-04-19 19_54_49  1.94748304e+03 2.33572147e+03 2.80135676e+03 3.35981829e+03
05-04-19 19_54_49  4.02961132e+03 4.83293024e+03 5.79639395e+03 6.95192796e+03
05-04-19 19_54_49  8.33782223e+03 1.00000000e+04 1.25892541e+04 3.54813389e+04
05-04-19 19_54_49  1.00000000e+05]
05-04-19 19_54_49     dim   : [  1   2   3   5   7   9  11  13  15  17  19  21  23  25  25  35  45  55
05-04-19 19_54_49   65  75  85  95 105]
05-04-19 19_54_49 
05-04-19 19_54_50 Skip training sub-07_fm180074, using cached file.
05-04-19 19_54_50 Begin processing 1/20: sub-17_sy180140 
05-04-19 19_54_50 Searching space is:
05-04-19 19_54_50     alpha : [0.00000000e+00 1.00000000e+00 3.98107171e+00 1.58489319e+01
05-04-19 19_54_50  6.30957344e+01 2.51188643e+02 3.16227766e+02 3.79269019e+02
05-04-19 19_54_50  4.54877795e+02 5.45559478e+02 6.54318913e+02 7.84759970e+02
05-04-19 19_54_50  9.41204967e+02 1.12883789e+03 1.35387618e+03 1.62377674e+03
05-04-19 19_54_50  1.94748304e+03 2.33572147e+03 2.80135676e+03 3.35981829e+03
05-04-19 19_54_50  4.02961132e+03 4.83293024e+03 5.79639395e+03 6.95192796e+03
05-04-19 19_54_50  8.33782223e+03 1.00000000e+04 1.25892541e+04 3.54813389e+04
05-04-19 19_54_50  1.00000000e+05]
05-04-19 19_54_50     dim   : [  1   2   3   5   7   9  11  13  15  17  19  21  23  25  25  35  45  55
05-04-19 19_54_50   65  75  85  95 105]
05-04-19 19_54_50 
05-04-19 19_54_50 Skip training sub-17_sy180140, using cached file.
05-04-19 19_54_50 Begin processing 2/20: sub-13_mp150285 
05-04-19 19_54_50 Searching space is:
05-04-19 19_54_50     alpha : [0.00000000e+00 1.00000000e+00 3.98107171e+00 1.58489319e+01
05-04-19 19_54_50  6.30957344e+01 2.51188643e+02 3.16227766e+02 3.79269019e+02
05-04-19 19_54_50  4.54877795e+02 5.45559478e+02 6.54318913e+02 7.84759970e+02
05-04-19 19_54_50  9.41204967e+02 1.12883789e+03 1.35387618e+03 1.62377674e+03
05-04-19 19_54_50  1.94748304e+03 2.33572147e+03 2.80135676e+03 3.35981829e+03
05-04-19 19_54_50  4.02961132e+03 4.83293024e+03 5.79639395e+03 6.95192796e+03
05-04-19 19_54_50  8.33782223e+03 1.00000000e+04 1.25892541e+04 3.54813389e+04
05-04-19 19_54_50  1.00000000e+05]
05-04-19 19_54_50     dim   : [  1   2   3   5   7   9  11  13  15  17  19  21  23  25  25  35  45  55
05-04-19 19_54_50   65  75  85  95 105]
05-04-19 19_54_50 
05-04-19 19_54_51 Skip training sub-13_mp150285, using cached file.
05-04-19 19_54_51 Begin processing 3/20: sub-02_ag170045 
05-04-19 19_54_51 Searching space is:
05-04-19 19_54_51     alpha : [0.00000000e+00 1.00000000e+00 3.98107171e+00 1.58489319e+01
05-04-19 19_54_51  6.30957344e+01 2.51188643e+02 3.16227766e+02 3.79269019e+02
05-04-19 19_54_51  4.54877795e+02 5.45559478e+02 6.54318913e+02 7.84759970e+02
05-04-19 19_54_51  9.41204967e+02 1.12883789e+03 1.35387618e+03 1.62377674e+03
05-04-19 19_54_51  1.94748304e+03 2.33572147e+03 2.80135676e+03 3.35981829e+03
05-04-19 19_54_51  4.02961132e+03 4.83293024e+03 5.79639395e+03 6.95192796e+03
05-04-19 19_54_51  8.33782223e+03 1.00000000e+04 1.25892541e+04 3.54813389e+04
05-04-19 19_54_51  1.00000000e+05]
05-04-19 19_54_51     dim   : [  1   2   3   5   7   9  11  13  15  17  19  21  23  25  25  35  45  55
05-04-19 19_54_51   65  75  85  95 105]
05-04-19 19_54_51 
05-04-19 19_54_52 Skip training sub-02_ag170045, using cached file.
05-04-19 19_54_52 Begin processing 4/20: sub-18_cr170417 
05-04-19 19_54_52 Searching space is:
05-04-19 19_54_52     alpha : [0.00000000e+00 1.00000000e+00 3.98107171e+00 1.58489319e+01
05-04-19 19_54_52  6.30957344e+01 2.51188643e+02 3.16227766e+02 3.79269019e+02
05-04-19 19_54_52  4.54877795e+02 5.45559478e+02 6.54318913e+02 7.84759970e+02
05-04-19 19_54_52  9.41204967e+02 1.12883789e+03 1.35387618e+03 1.62377674e+03
05-04-19 19_54_52  1.94748304e+03 2.33572147e+03 2.80135676e+03 3.35981829e+03
05-04-19 19_54_52  4.02961132e+03 4.83293024e+03 5.79639395e+03 6.95192796e+03
05-04-19 19_54_52  8.33782223e+03 1.00000000e+04 1.25892541e+04 3.54813389e+04
05-04-19 19_54_52  1.00000000e+05]
05-04-19 19_54_52     dim   : [  1   2   3   5   7   9  11  13  15  17  19  21  23  25  25  35  45  55
05-04-19 19_54_52   65  75  85  95 105]
05-04-19 19_54_52 
05-04-19 19_54_53 Skip training sub-18_cr170417, using cached file.
05-04-19 19_54_53 Begin processing 5/20: sub-14_mt170249 
05-04-19 19_54_53 Searching space is:
05-04-19 19_54_53     alpha : [0.00000000e+00 1.00000000e+00 3.98107171e+00 1.58489319e+01
05-04-19 19_54_53  6.30957344e+01 2.51188643e+02 3.16227766e+02 3.79269019e+02
05-04-19 19_54_53  4.54877795e+02 5.45559478e+02 6.54318913e+02 7.84759970e+02
05-04-19 19_54_53  9.41204967e+02 1.12883789e+03 1.35387618e+03 1.62377674e+03
05-04-19 19_54_53  1.94748304e+03 2.33572147e+03 2.80135676e+03 3.35981829e+03
05-04-19 19_54_53  4.02961132e+03 4.83293024e+03 5.79639395e+03 6.95192796e+03
05-04-19 19_54_53  8.33782223e+03 1.00000000e+04 1.25892541e+04 3.54813389e+04
05-04-19 19_54_53  1.00000000e+05]
05-04-19 19_54_53     dim   : [  1   2   3   5   7   9  11  13  15  17  19  21  23  25  25  35  45  55
05-04-19 19_54_53   65  75  85  95 105]
05-04-19 19_54_53 
05-04-19 19_54_54 Skip training sub-14_mt170249, using cached file.
05-04-19 19_54_54 Begin processing 6/20: sub-05_cj160239 
05-04-19 19_54_54 Searching space is:
05-04-19 19_54_54     alpha : [0.00000000e+00 1.00000000e+00 3.98107171e+00 1.58489319e+01
05-04-19 19_54_54  6.30957344e+01 2.51188643e+02 3.16227766e+02 3.79269019e+02
05-04-19 19_54_54  4.54877795e+02 5.45559478e+02 6.54318913e+02 7.84759970e+02
05-04-19 19_54_54  9.41204967e+02 1.12883789e+03 1.35387618e+03 1.62377674e+03
05-04-19 19_54_54  1.94748304e+03 2.33572147e+03 2.80135676e+03 3.35981829e+03
05-04-19 19_54_54  4.02961132e+03 4.83293024e+03 5.79639395e+03 6.95192796e+03
05-04-19 19_54_54  8.33782223e+03 1.00000000e+04 1.25892541e+04 3.54813389e+04
05-04-19 19_54_54  1.00000000e+05]
05-04-19 19_54_54     dim   : [  1   2   3   5   7   9  11  13  15  17  19  21  23  25  25  35  45  55
05-04-19 19_54_54   65  75  85  95 105]
05-04-19 19_54_54 
05-04-19 19_55_12 Fold 0/9
05-04-19 19_59_43 Begin training rms-wrate-sim103.
05-04-19 19_59_44 Begin processing 0/20: sub-07_fm180074 
05-04-19 19_59_44 Searching space is:
05-04-19 19_59_44     alpha : [0.00000000e+00 1.00000000e+00 3.98107171e+00 1.58489319e+01
05-04-19 19_59_44  6.30957344e+01 2.51188643e+02 3.16227766e+02 3.79269019e+02
05-04-19 19_59_44  4.54877795e+02 5.45559478e+02 6.54318913e+02 7.84759970e+02
05-04-19 19_59_44  9.41204967e+02 1.12883789e+03 1.35387618e+03 1.62377674e+03
05-04-19 19_59_44  1.94748304e+03 2.33572147e+03 2.80135676e+03 3.35981829e+03
05-04-19 19_59_44  4.02961132e+03 4.83293024e+03 5.79639395e+03 6.95192796e+03
05-04-19 19_59_44  8.33782223e+03 1.00000000e+04 1.25892541e+04 3.54813389e+04
05-04-19 19_59_44  1.00000000e+05]
05-04-19 19_59_44     dim   : [  1   2   3   5   7   9  11  13  15  17  19  21  23  25  25  35  45  55
05-04-19 19_59_44   65  75  85  95 105]
05-04-19 19_59_44 
05-04-19 19_59_44 Skip training sub-07_fm180074, using cached file.
05-04-19 19_59_44 Begin processing 1/20: sub-17_sy180140 
05-04-19 19_59_44 Searching space is:
05-04-19 19_59_44     alpha : [0.00000000e+00 1.00000000e+00 3.98107171e+00 1.58489319e+01
05-04-19 19_59_44  6.30957344e+01 2.51188643e+02 3.16227766e+02 3.79269019e+02
05-04-19 19_59_44  4.54877795e+02 5.45559478e+02 6.54318913e+02 7.84759970e+02
05-04-19 19_59_44  9.41204967e+02 1.12883789e+03 1.35387618e+03 1.62377674e+03
05-04-19 19_59_44  1.94748304e+03 2.33572147e+03 2.80135676e+03 3.35981829e+03
05-04-19 19_59_44  4.02961132e+03 4.83293024e+03 5.79639395e+03 6.95192796e+03
05-04-19 19_59_44  8.33782223e+03 1.00000000e+04 1.25892541e+04 3.54813389e+04
05-04-19 19_59_44  1.00000000e+05]
05-04-19 19_59_44     dim   : [  1   2   3   5   7   9  11  13  15  17  19  21  23  25  25  35  45  55
05-04-19 19_59_44   65  75  85  95 105]
05-04-19 19_59_44 
05-04-19 19_59_45 Skip training sub-17_sy180140, using cached file.
05-04-19 19_59_45 Begin processing 2/20: sub-13_mp150285 
05-04-19 19_59_45 Searching space is:
05-04-19 19_59_45     alpha : [0.00000000e+00 1.00000000e+00 3.98107171e+00 1.58489319e+01
05-04-19 19_59_45  6.30957344e+01 2.51188643e+02 3.16227766e+02 3.79269019e+02
05-04-19 19_59_45  4.54877795e+02 5.45559478e+02 6.54318913e+02 7.84759970e+02
05-04-19 19_59_45  9.41204967e+02 1.12883789e+03 1.35387618e+03 1.62377674e+03
05-04-19 19_59_45  1.94748304e+03 2.33572147e+03 2.80135676e+03 3.35981829e+03
05-04-19 19_59_45  4.02961132e+03 4.83293024e+03 5.79639395e+03 6.95192796e+03
05-04-19 19_59_45  8.33782223e+03 1.00000000e+04 1.25892541e+04 3.54813389e+04
05-04-19 19_59_45  1.00000000e+05]
05-04-19 19_59_45     dim   : [  1   2   3   5   7   9  11  13  15  17  19  21  23  25  25  35  45  55
05-04-19 19_59_45   65  75  85  95 105]
05-04-19 19_59_45 
05-04-19 19_59_46 Skip training sub-13_mp150285, using cached file.
05-04-19 19_59_46 Begin processing 3/20: sub-02_ag170045 
05-04-19 19_59_46 Searching space is:
05-04-19 19_59_46     alpha : [0.00000000e+00 1.00000000e+00 3.98107171e+00 1.58489319e+01
05-04-19 19_59_46  6.30957344e+01 2.51188643e+02 3.16227766e+02 3.79269019e+02
05-04-19 19_59_46  4.54877795e+02 5.45559478e+02 6.54318913e+02 7.84759970e+02
05-04-19 19_59_46  9.41204967e+02 1.12883789e+03 1.35387618e+03 1.62377674e+03
05-04-19 19_59_46  1.94748304e+03 2.33572147e+03 2.80135676e+03 3.35981829e+03
05-04-19 19_59_46  4.02961132e+03 4.83293024e+03 5.79639395e+03 6.95192796e+03
05-04-19 19_59_46  8.33782223e+03 1.00000000e+04 1.25892541e+04 3.54813389e+04
05-04-19 19_59_46  1.00000000e+05]
05-04-19 19_59_46     dim   : [  1   2   3   5   7   9  11  13  15  17  19  21  23  25  25  35  45  55
05-04-19 19_59_46   65  75  85  95 105]
05-04-19 19_59_46 
05-04-19 19_59_47 Skip training sub-02_ag170045, using cached file.
05-04-19 19_59_47 Begin processing 4/20: sub-18_cr170417 
05-04-19 19_59_47 Searching space is:
05-04-19 19_59_47     alpha : [0.00000000e+00 1.00000000e+00 3.98107171e+00 1.58489319e+01
05-04-19 19_59_47  6.30957344e+01 2.51188643e+02 3.16227766e+02 3.79269019e+02
05-04-19 19_59_47  4.54877795e+02 5.45559478e+02 6.54318913e+02 7.84759970e+02
05-04-19 19_59_47  9.41204967e+02 1.12883789e+03 1.35387618e+03 1.62377674e+03
05-04-19 19_59_47  1.94748304e+03 2.33572147e+03 2.80135676e+03 3.35981829e+03
05-04-19 19_59_47  4.02961132e+03 4.83293024e+03 5.79639395e+03 6.95192796e+03
05-04-19 19_59_47  8.33782223e+03 1.00000000e+04 1.25892541e+04 3.54813389e+04
05-04-19 19_59_47  1.00000000e+05]
05-04-19 19_59_47     dim   : [  1   2   3   5   7   9  11  13  15  17  19  21  23  25  25  35  45  55
05-04-19 19_59_47   65  75  85  95 105]
05-04-19 19_59_47 
05-04-19 19_59_47 Skip training sub-18_cr170417, using cached file.
05-04-19 19_59_47 Begin processing 5/20: sub-14_mt170249 
05-04-19 19_59_47 Searching space is:
05-04-19 19_59_47     alpha : [0.00000000e+00 1.00000000e+00 3.98107171e+00 1.58489319e+01
05-04-19 19_59_47  6.30957344e+01 2.51188643e+02 3.16227766e+02 3.79269019e+02
05-04-19 19_59_47  4.54877795e+02 5.45559478e+02 6.54318913e+02 7.84759970e+02
05-04-19 19_59_47  9.41204967e+02 1.12883789e+03 1.35387618e+03 1.62377674e+03
05-04-19 19_59_47  1.94748304e+03 2.33572147e+03 2.80135676e+03 3.35981829e+03
05-04-19 19_59_47  4.02961132e+03 4.83293024e+03 5.79639395e+03 6.95192796e+03
05-04-19 19_59_47  8.33782223e+03 1.00000000e+04 1.25892541e+04 3.54813389e+04
05-04-19 19_59_47  1.00000000e+05]
05-04-19 19_59_47     dim   : [  1   2   3   5   7   9  11  13  15  17  19  21  23  25  25  35  45  55
05-04-19 19_59_47   65  75  85  95 105]
05-04-19 19_59_47 
05-04-19 19_59_48 Skip training sub-14_mt170249, using cached file.
05-04-19 19_59_48 Begin processing 6/20: sub-05_cj160239 
05-04-19 19_59_48 Searching space is:
05-04-19 19_59_48     alpha : [0.00000000e+00 1.00000000e+00 3.98107171e+00 1.58489319e+01
05-04-19 19_59_48  6.30957344e+01 2.51188643e+02 3.16227766e+02 3.79269019e+02
05-04-19 19_59_48  4.54877795e+02 5.45559478e+02 6.54318913e+02 7.84759970e+02
05-04-19 19_59_48  9.41204967e+02 1.12883789e+03 1.35387618e+03 1.62377674e+03
05-04-19 19_59_48  1.94748304e+03 2.33572147e+03 2.80135676e+03 3.35981829e+03
05-04-19 19_59_48  4.02961132e+03 4.83293024e+03 5.79639395e+03 6.95192796e+03
05-04-19 19_59_48  8.33782223e+03 1.00000000e+04 1.25892541e+04 3.54813389e+04
05-04-19 19_59_48  1.00000000e+05]
05-04-19 19_59_48     dim   : [  1   2   3   5   7   9  11  13  15  17  19  21  23  25  25  35  45  55
05-04-19 19_59_48   65  75  85  95 105]
05-04-19 19_59_48 
05-04-19 20_00_05 Fold 0/9 for sub-05_cj160239 of rms-wrate-sim103 exists.
05-04-19 20_00_05 Fold 1/9 for sub-05_cj160239 of rms-wrate-sim103 exists.
05-04-19 20_00_05 Fold 2/9 for sub-05_cj160239 of rms-wrate-sim103 exists.
05-04-19 20_00_05 Fold 3/9 for sub-05_cj160239 of rms-wrate-sim103 exists.
05-04-19 20_00_05 Fold 4/9 for sub-05_cj160239 of rms-wrate-sim103 exists.
05-04-19 20_00_05 Fold 5/9 for sub-05_cj160239 of rms-wrate-sim103 exists.
05-04-19 20_00_05 Fold 6/9 for sub-05_cj160239 of rms-wrate-sim103 exists.
05-04-19 20_00_05 Fold 7/9
05-04-19 20_02_38 Begin training rms-wrate-sim103.
05-04-19 20_02_39 Begin processing 0/20: sub-07_fm180074 
05-04-19 20_02_39 Searching space is:
05-04-19 20_02_39     alpha : [0.00000000e+00 1.00000000e+00 3.98107171e+00 1.58489319e+01
05-04-19 20_02_39  6.30957344e+01 2.51188643e+02 3.16227766e+02 3.79269019e+02
05-04-19 20_02_39  4.54877795e+02 5.45559478e+02 6.54318913e+02 7.84759970e+02
05-04-19 20_02_39  9.41204967e+02 1.12883789e+03 1.35387618e+03 1.62377674e+03
05-04-19 20_02_39  1.94748304e+03 2.33572147e+03 2.80135676e+03 3.35981829e+03
05-04-19 20_02_39  4.02961132e+03 4.83293024e+03 5.79639395e+03 6.95192796e+03
05-04-19 20_02_39  8.33782223e+03 1.00000000e+04 1.25892541e+04 3.54813389e+04
05-04-19 20_02_39  1.00000000e+05]
05-04-19 20_02_39     dim   : [  1   2   3   5   7   9  11  13  15  17  19  21  23  25  25  35  45  55
05-04-19 20_02_39   65  75  85  95 105]
05-04-19 20_02_39 
05-04-19 20_02_40 Skip training sub-07_fm180074, using cached file.
05-04-19 20_02_40 Begin processing 1/20: sub-17_sy180140 
05-04-19 20_02_40 Searching space is:
05-04-19 20_02_40     alpha : [0.00000000e+00 1.00000000e+00 3.98107171e+00 1.58489319e+01
05-04-19 20_02_40  6.30957344e+01 2.51188643e+02 3.16227766e+02 3.79269019e+02
05-04-19 20_02_40  4.54877795e+02 5.45559478e+02 6.54318913e+02 7.84759970e+02
05-04-19 20_02_40  9.41204967e+02 1.12883789e+03 1.35387618e+03 1.62377674e+03
05-04-19 20_02_40  1.94748304e+03 2.33572147e+03 2.80135676e+03 3.35981829e+03
05-04-19 20_02_40  4.02961132e+03 4.83293024e+03 5.79639395e+03 6.95192796e+03
05-04-19 20_02_40  8.33782223e+03 1.00000000e+04 1.25892541e+04 3.54813389e+04
05-04-19 20_02_40  1.00000000e+05]
05-04-19 20_02_40     dim   : [  1   2   3   5   7   9  11  13  15  17  19  21  23  25  25  35  45  55
05-04-19 20_02_40   65  75  85  95 105]
05-04-19 20_02_40 
05-04-19 20_02_41 Skip training sub-17_sy180140, using cached file.
05-04-19 20_02_41 Begin processing 2/20: sub-13_mp150285 
05-04-19 20_02_41 Searching space is:
05-04-19 20_02_41     alpha : [0.00000000e+00 1.00000000e+00 3.98107171e+00 1.58489319e+01
05-04-19 20_02_41  6.30957344e+01 2.51188643e+02 3.16227766e+02 3.79269019e+02
05-04-19 20_02_41  4.54877795e+02 5.45559478e+02 6.54318913e+02 7.84759970e+02
05-04-19 20_02_41  9.41204967e+02 1.12883789e+03 1.35387618e+03 1.62377674e+03
05-04-19 20_02_41  1.94748304e+03 2.33572147e+03 2.80135676e+03 3.35981829e+03
05-04-19 20_02_41  4.02961132e+03 4.83293024e+03 5.79639395e+03 6.95192796e+03
05-04-19 20_02_41  8.33782223e+03 1.00000000e+04 1.25892541e+04 3.54813389e+04
05-04-19 20_02_41  1.00000000e+05]
05-04-19 20_02_41     dim   : [  1   2   3   5   7   9  11  13  15  17  19  21  23  25  25  35  45  55
05-04-19 20_02_41   65  75  85  95 105]
05-04-19 20_02_41 
05-04-19 20_02_42 Skip training sub-13_mp150285, using cached file.
05-04-19 20_02_42 Begin processing 3/20: sub-02_ag170045 
05-04-19 20_02_42 Searching space is:
05-04-19 20_02_42     alpha : [0.00000000e+00 1.00000000e+00 3.98107171e+00 1.58489319e+01
05-04-19 20_02_42  6.30957344e+01 2.51188643e+02 3.16227766e+02 3.79269019e+02
05-04-19 20_02_42  4.54877795e+02 5.45559478e+02 6.54318913e+02 7.84759970e+02
05-04-19 20_02_42  9.41204967e+02 1.12883789e+03 1.35387618e+03 1.62377674e+03
05-04-19 20_02_42  1.94748304e+03 2.33572147e+03 2.80135676e+03 3.35981829e+03
05-04-19 20_02_42  4.02961132e+03 4.83293024e+03 5.79639395e+03 6.95192796e+03
05-04-19 20_02_42  8.33782223e+03 1.00000000e+04 1.25892541e+04 3.54813389e+04
05-04-19 20_02_42  1.00000000e+05]
05-04-19 20_02_42     dim   : [  1   2   3   5   7   9  11  13  15  17  19  21  23  25  25  35  45  55
05-04-19 20_02_42   65  75  85  95 105]
05-04-19 20_02_42 
05-04-19 20_02_42 Skip training sub-02_ag170045, using cached file.
05-04-19 20_02_42 Begin processing 4/20: sub-18_cr170417 
05-04-19 20_02_42 Searching space is:
05-04-19 20_02_42     alpha : [0.00000000e+00 1.00000000e+00 3.98107171e+00 1.58489319e+01
05-04-19 20_02_42  6.30957344e+01 2.51188643e+02 3.16227766e+02 3.79269019e+02
05-04-19 20_02_42  4.54877795e+02 5.45559478e+02 6.54318913e+02 7.84759970e+02
05-04-19 20_02_42  9.41204967e+02 1.12883789e+03 1.35387618e+03 1.62377674e+03
05-04-19 20_02_42  1.94748304e+03 2.33572147e+03 2.80135676e+03 3.35981829e+03
05-04-19 20_02_42  4.02961132e+03 4.83293024e+03 5.79639395e+03 6.95192796e+03
05-04-19 20_02_42  8.33782223e+03 1.00000000e+04 1.25892541e+04 3.54813389e+04
05-04-19 20_02_42  1.00000000e+05]
05-04-19 20_02_42     dim   : [  1   2   3   5   7   9  11  13  15  17  19  21  23  25  25  35  45  55
05-04-19 20_02_42   65  75  85  95 105]
05-04-19 20_02_42 
05-04-19 20_02_43 Skip training sub-18_cr170417, using cached file.
05-04-19 20_02_43 Begin processing 5/20: sub-14_mt170249 
05-04-19 20_02_43 Searching space is:
05-04-19 20_02_43     alpha : [0.00000000e+00 1.00000000e+00 3.98107171e+00 1.58489319e+01
05-04-19 20_02_43  6.30957344e+01 2.51188643e+02 3.16227766e+02 3.79269019e+02
05-04-19 20_02_43  4.54877795e+02 5.45559478e+02 6.54318913e+02 7.84759970e+02
05-04-19 20_02_43  9.41204967e+02 1.12883789e+03 1.35387618e+03 1.62377674e+03
05-04-19 20_02_43  1.94748304e+03 2.33572147e+03 2.80135676e+03 3.35981829e+03
05-04-19 20_02_43  4.02961132e+03 4.83293024e+03 5.79639395e+03 6.95192796e+03
05-04-19 20_02_43  8.33782223e+03 1.00000000e+04 1.25892541e+04 3.54813389e+04
05-04-19 20_02_43  1.00000000e+05]
05-04-19 20_02_43     dim   : [  1   2   3   5   7   9  11  13  15  17  19  21  23  25  25  35  45  55
05-04-19 20_02_43   65  75  85  95 105]
05-04-19 20_02_43 
05-04-19 20_02_44 Skip training sub-14_mt170249, using cached file.
05-04-19 20_02_44 Begin processing 6/20: sub-05_cj160239 
05-04-19 20_02_44 Searching space is:
05-04-19 20_02_44     alpha : [0.00000000e+00 1.00000000e+00 3.98107171e+00 1.58489319e+01
05-04-19 20_02_44  6.30957344e+01 2.51188643e+02 3.16227766e+02 3.79269019e+02
05-04-19 20_02_44  4.54877795e+02 5.45559478e+02 6.54318913e+02 7.84759970e+02
05-04-19 20_02_44  9.41204967e+02 1.12883789e+03 1.35387618e+03 1.62377674e+03
05-04-19 20_02_44  1.94748304e+03 2.33572147e+03 2.80135676e+03 3.35981829e+03
05-04-19 20_02_44  4.02961132e+03 4.83293024e+03 5.79639395e+03 6.95192796e+03
05-04-19 20_02_44  8.33782223e+03 1.00000000e+04 1.25892541e+04 3.54813389e+04
05-04-19 20_02_44  1.00000000e+05]
05-04-19 20_02_44     dim   : [  1   2   3   5   7   9  11  13  15  17  19  21  23  25  25  35  45  55
05-04-19 20_02_44   65  75  85  95 105]
05-04-19 20_02_44 
05-04-19 20_03_09 Fold 0/9 for sub-05_cj160239 of rms-wrate-sim103 exists.
05-04-19 20_03_09 Fold 1/9 for sub-05_cj160239 of rms-wrate-sim103 exists.
05-04-19 20_03_09 Fold 2/9 for sub-05_cj160239 of rms-wrate-sim103 exists.
05-04-19 20_03_09 Fold 3/9 for sub-05_cj160239 of rms-wrate-sim103 exists.
05-04-19 20_03_09 Fold 4/9 for sub-05_cj160239 of rms-wrate-sim103 exists.
05-04-19 20_03_09 Fold 5/9 for sub-05_cj160239 of rms-wrate-sim103 exists.
05-04-19 20_03_09 Fold 6/9 for sub-05_cj160239 of rms-wrate-sim103 exists.
05-04-19 20_03_09 Fold 7/9
05-04-19 20_09_14 Begin training rms-wrate-sim103.
05-04-19 20_09_14 Begin processing 0/20: sub-07_fm180074 
05-04-19 20_09_14 Searching space is:
05-04-19 20_09_14     alpha : [0.00000000e+00 1.00000000e+00 3.98107171e+00 1.58489319e+01
05-04-19 20_09_14  6.30957344e+01 2.51188643e+02 3.16227766e+02 3.79269019e+02
05-04-19 20_09_14  4.54877795e+02 5.45559478e+02 6.54318913e+02 7.84759970e+02
05-04-19 20_09_14  9.41204967e+02 1.12883789e+03 1.35387618e+03 1.62377674e+03
05-04-19 20_09_14  1.94748304e+03 2.33572147e+03 2.80135676e+03 3.35981829e+03
05-04-19 20_09_14  4.02961132e+03 4.83293024e+03 5.79639395e+03 6.95192796e+03
05-04-19 20_09_14  8.33782223e+03 1.00000000e+04 1.25892541e+04 3.54813389e+04
05-04-19 20_09_14  1.00000000e+05]
05-04-19 20_09_14     dim   : [  1   2   3   5   7   9  11  13  15  17  19  21  23  25  25  35  45  55
05-04-19 20_09_14   65  75  85  95 105]
05-04-19 20_09_14 
05-04-19 20_09_15 Skip training sub-07_fm180074, using cached file.
05-04-19 20_09_15 Begin processing 1/20: sub-17_sy180140 
05-04-19 20_09_15 Searching space is:
05-04-19 20_09_15     alpha : [0.00000000e+00 1.00000000e+00 3.98107171e+00 1.58489319e+01
05-04-19 20_09_15  6.30957344e+01 2.51188643e+02 3.16227766e+02 3.79269019e+02
05-04-19 20_09_15  4.54877795e+02 5.45559478e+02 6.54318913e+02 7.84759970e+02
05-04-19 20_09_15  9.41204967e+02 1.12883789e+03 1.35387618e+03 1.62377674e+03
05-04-19 20_09_15  1.94748304e+03 2.33572147e+03 2.80135676e+03 3.35981829e+03
05-04-19 20_09_15  4.02961132e+03 4.83293024e+03 5.79639395e+03 6.95192796e+03
05-04-19 20_09_15  8.33782223e+03 1.00000000e+04 1.25892541e+04 3.54813389e+04
05-04-19 20_09_15  1.00000000e+05]
05-04-19 20_09_15     dim   : [  1   2   3   5   7   9  11  13  15  17  19  21  23  25  25  35  45  55
05-04-19 20_09_15   65  75  85  95 105]
05-04-19 20_09_15 
05-04-19 20_09_16 Skip training sub-17_sy180140, using cached file.
05-04-19 20_09_16 Begin processing 2/20: sub-13_mp150285 
05-04-19 20_09_16 Searching space is:
05-04-19 20_09_16     alpha : [0.00000000e+00 1.00000000e+00 3.98107171e+00 1.58489319e+01
05-04-19 20_09_16  6.30957344e+01 2.51188643e+02 3.16227766e+02 3.79269019e+02
05-04-19 20_09_16  4.54877795e+02 5.45559478e+02 6.54318913e+02 7.84759970e+02
05-04-19 20_09_16  9.41204967e+02 1.12883789e+03 1.35387618e+03 1.62377674e+03
05-04-19 20_09_16  1.94748304e+03 2.33572147e+03 2.80135676e+03 3.35981829e+03
05-04-19 20_09_16  4.02961132e+03 4.83293024e+03 5.79639395e+03 6.95192796e+03
05-04-19 20_09_16  8.33782223e+03 1.00000000e+04 1.25892541e+04 3.54813389e+04
05-04-19 20_09_16  1.00000000e+05]
05-04-19 20_09_16     dim   : [  1   2   3   5   7   9  11  13  15  17  19  21  23  25  25  35  45  55
05-04-19 20_09_16   65  75  85  95 105]
05-04-19 20_09_16 
05-04-19 20_09_17 Skip training sub-13_mp150285, using cached file.
05-04-19 20_09_17 Begin processing 3/20: sub-02_ag170045 
05-04-19 20_09_17 Searching space is:
05-04-19 20_09_17     alpha : [0.00000000e+00 1.00000000e+00 3.98107171e+00 1.58489319e+01
05-04-19 20_09_17  6.30957344e+01 2.51188643e+02 3.16227766e+02 3.79269019e+02
05-04-19 20_09_17  4.54877795e+02 5.45559478e+02 6.54318913e+02 7.84759970e+02
05-04-19 20_09_17  9.41204967e+02 1.12883789e+03 1.35387618e+03 1.62377674e+03
05-04-19 20_09_17  1.94748304e+03 2.33572147e+03 2.80135676e+03 3.35981829e+03
05-04-19 20_09_17  4.02961132e+03 4.83293024e+03 5.79639395e+03 6.95192796e+03
05-04-19 20_09_17  8.33782223e+03 1.00000000e+04 1.25892541e+04 3.54813389e+04
05-04-19 20_09_17  1.00000000e+05]
05-04-19 20_09_17     dim   : [  1   2   3   5   7   9  11  13  15  17  19  21  23  25  25  35  45  55
05-04-19 20_09_17   65  75  85  95 105]
05-04-19 20_09_17 
05-04-19 20_09_17 Skip training sub-02_ag170045, using cached file.
05-04-19 20_09_18 Begin processing 4/20: sub-18_cr170417 
05-04-19 20_09_18 Searching space is:
05-04-19 20_09_18     alpha : [0.00000000e+00 1.00000000e+00 3.98107171e+00 1.58489319e+01
05-04-19 20_09_18  6.30957344e+01 2.51188643e+02 3.16227766e+02 3.79269019e+02
05-04-19 20_09_18  4.54877795e+02 5.45559478e+02 6.54318913e+02 7.84759970e+02
05-04-19 20_09_18  9.41204967e+02 1.12883789e+03 1.35387618e+03 1.62377674e+03
05-04-19 20_09_18  1.94748304e+03 2.33572147e+03 2.80135676e+03 3.35981829e+03
05-04-19 20_09_18  4.02961132e+03 4.83293024e+03 5.79639395e+03 6.95192796e+03
05-04-19 20_09_18  8.33782223e+03 1.00000000e+04 1.25892541e+04 3.54813389e+04
05-04-19 20_09_18  1.00000000e+05]
05-04-19 20_09_18     dim   : [  1   2   3   5   7   9  11  13  15  17  19  21  23  25  25  35  45  55
05-04-19 20_09_18   65  75  85  95 105]
05-04-19 20_09_18 
05-04-19 20_09_18 Skip training sub-18_cr170417, using cached file.
05-04-19 20_09_18 Begin processing 5/20: sub-14_mt170249 
05-04-19 20_09_18 Searching space is:
05-04-19 20_09_18     alpha : [0.00000000e+00 1.00000000e+00 3.98107171e+00 1.58489319e+01
05-04-19 20_09_18  6.30957344e+01 2.51188643e+02 3.16227766e+02 3.79269019e+02
05-04-19 20_09_18  4.54877795e+02 5.45559478e+02 6.54318913e+02 7.84759970e+02
05-04-19 20_09_18  9.41204967e+02 1.12883789e+03 1.35387618e+03 1.62377674e+03
05-04-19 20_09_18  1.94748304e+03 2.33572147e+03 2.80135676e+03 3.35981829e+03
05-04-19 20_09_18  4.02961132e+03 4.83293024e+03 5.79639395e+03 6.95192796e+03
05-04-19 20_09_18  8.33782223e+03 1.00000000e+04 1.25892541e+04 3.54813389e+04
05-04-19 20_09_18  1.00000000e+05]
05-04-19 20_09_18     dim   : [  1   2   3   5   7   9  11  13  15  17  19  21  23  25  25  35  45  55
05-04-19 20_09_18   65  75  85  95 105]
05-04-19 20_09_18 
05-04-19 20_09_19 Skip training sub-14_mt170249, using cached file.
05-04-19 20_09_19 Begin processing 6/20: sub-05_cj160239 
05-04-19 20_09_19 Searching space is:
05-04-19 20_09_19     alpha : [0.00000000e+00 1.00000000e+00 3.98107171e+00 1.58489319e+01
05-04-19 20_09_19  6.30957344e+01 2.51188643e+02 3.16227766e+02 3.79269019e+02
05-04-19 20_09_19  4.54877795e+02 5.45559478e+02 6.54318913e+02 7.84759970e+02
05-04-19 20_09_19  9.41204967e+02 1.12883789e+03 1.35387618e+03 1.62377674e+03
05-04-19 20_09_19  1.94748304e+03 2.33572147e+03 2.80135676e+03 3.35981829e+03
05-04-19 20_09_19  4.02961132e+03 4.83293024e+03 5.79639395e+03 6.95192796e+03
05-04-19 20_09_19  8.33782223e+03 1.00000000e+04 1.25892541e+04 3.54813389e+04
05-04-19 20_09_19  1.00000000e+05]
05-04-19 20_09_19     dim   : [  1   2   3   5   7   9  11  13  15  17  19  21  23  25  25  35  45  55
05-04-19 20_09_19   65  75  85  95 105]
05-04-19 20_09_19 
05-04-19 20_09_36 Fold 0/9 for sub-05_cj160239 of rms-wrate-sim103 exists.
05-04-19 20_09_36 Fold 1/9 for sub-05_cj160239 of rms-wrate-sim103 exists.
05-04-19 20_09_36 Fold 2/9 for sub-05_cj160239 of rms-wrate-sim103 exists.
05-04-19 20_09_36 Fold 3/9 for sub-05_cj160239 of rms-wrate-sim103 exists.
05-04-19 20_09_36 Fold 4/9 for sub-05_cj160239 of rms-wrate-sim103 exists.
05-04-19 20_09_36 Fold 5/9 for sub-05_cj160239 of rms-wrate-sim103 exists.
05-04-19 20_09_36 Fold 6/9 for sub-05_cj160239 of rms-wrate-sim103 exists.
05-04-19 20_09_36 Fold 7/9
05-04-19 20_27_45 Fold 8/9 for sub-05_cj160239 of rms-wrate-sim103 exists.
05-04-19 20_27_45 Begin processing 7/20: sub-04_cb180224 
05-04-19 20_27_45 Searching space is:
05-04-19 20_27_45     alpha : [0.00000000e+00 1.00000000e+00 3.98107171e+00 1.58489319e+01
05-04-19 20_27_45  6.30957344e+01 2.51188643e+02 3.16227766e+02 3.79269019e+02
05-04-19 20_27_45  4.54877795e+02 5.45559478e+02 6.54318913e+02 7.84759970e+02
05-04-19 20_27_45  9.41204967e+02 1.12883789e+03 1.35387618e+03 1.62377674e+03
05-04-19 20_27_45  1.94748304e+03 2.33572147e+03 2.80135676e+03 3.35981829e+03
05-04-19 20_27_45  4.02961132e+03 4.83293024e+03 5.79639395e+03 6.95192796e+03
05-04-19 20_27_45  8.33782223e+03 1.00000000e+04 1.25892541e+04 3.54813389e+04
05-04-19 20_27_45  1.00000000e+05]
05-04-19 20_27_45     dim   : [  1   2   3   5   7   9  11  13  15  17  19  21  23  25  25  35  45  55
05-04-19 20_27_45   65  75  85  95 105]
05-04-19 20_27_45 
05-04-19 20_28_03 Fold 0/9 for sub-04_cb180224 of rms-wrate-sim103 exists.
05-04-19 20_28_03 Fold 1/9 for sub-04_cb180224 of rms-wrate-sim103 exists.
05-04-19 20_28_03 Fold 2/9 for sub-04_cb180224 of rms-wrate-sim103 exists.
05-04-19 20_28_03 Fold 3/9
05-04-19 20_46_15 Fold 4/9 for sub-04_cb180224 of rms-wrate-sim103 exists.
05-04-19 20_46_15 Fold 5/9 for sub-04_cb180224 of rms-wrate-sim103 exists.
05-04-19 20_46_15 Fold 6/9 for sub-04_cb180224 of rms-wrate-sim103 exists.
05-04-19 20_46_15 Fold 7/9 for sub-04_cb180224 of rms-wrate-sim103 exists.
05-04-19 20_46_15 Fold 8/9 for sub-04_cb180224 of rms-wrate-sim103 exists.
05-04-19 20_46_15 Begin processing 8/20: sub-12_ml140071 
05-04-19 20_46_15 Searching space is:
05-04-19 20_46_15     alpha : [0.00000000e+00 1.00000000e+00 3.98107171e+00 1.58489319e+01
05-04-19 20_46_15  6.30957344e+01 2.51188643e+02 3.16227766e+02 3.79269019e+02
05-04-19 20_46_15  4.54877795e+02 5.45559478e+02 6.54318913e+02 7.84759970e+02
05-04-19 20_46_15  9.41204967e+02 1.12883789e+03 1.35387618e+03 1.62377674e+03
05-04-19 20_46_15  1.94748304e+03 2.33572147e+03 2.80135676e+03 3.35981829e+03
05-04-19 20_46_15  4.02961132e+03 4.83293024e+03 5.79639395e+03 6.95192796e+03
05-04-19 20_46_15  8.33782223e+03 1.00000000e+04 1.25892541e+04 3.54813389e+04
05-04-19 20_46_15  1.00000000e+05]
05-04-19 20_46_15     dim   : [  1   2   3   5   7   9  11  13  15  17  19  21  23  25  25  35  45  55
05-04-19 20_46_15   65  75  85  95 105]
05-04-19 20_46_15 
05-04-19 20_46_16 Skip training sub-12_ml140071, using cached file.
05-04-19 20_46_16 Begin processing 9/20: sub-08_ga130053 
05-04-19 20_46_16 Searching space is:
05-04-19 20_46_16     alpha : [0.00000000e+00 1.00000000e+00 3.98107171e+00 1.58489319e+01
05-04-19 20_46_16  6.30957344e+01 2.51188643e+02 3.16227766e+02 3.79269019e+02
05-04-19 20_46_16  4.54877795e+02 5.45559478e+02 6.54318913e+02 7.84759970e+02
05-04-19 20_46_16  9.41204967e+02 1.12883789e+03 1.35387618e+03 1.62377674e+03
05-04-19 20_46_16  1.94748304e+03 2.33572147e+03 2.80135676e+03 3.35981829e+03
05-04-19 20_46_16  4.02961132e+03 4.83293024e+03 5.79639395e+03 6.95192796e+03
05-04-19 20_46_16  8.33782223e+03 1.00000000e+04 1.25892541e+04 3.54813389e+04
05-04-19 20_46_16  1.00000000e+05]
05-04-19 20_46_16     dim   : [  1   2   3   5   7   9  11  13  15  17  19  21  23  25  25  35  45  55
05-04-19 20_46_16   65  75  85  95 105]
05-04-19 20_46_16 
05-04-19 20_46_16 Skip training sub-08_ga130053, using cached file.
05-04-19 20_46_16 Begin processing 10/20: sub-15_pn170438 
05-04-19 20_46_16 Searching space is:
05-04-19 20_46_16     alpha : [0.00000000e+00 1.00000000e+00 3.98107171e+00 1.58489319e+01
05-04-19 20_46_16  6.30957344e+01 2.51188643e+02 3.16227766e+02 3.79269019e+02
05-04-19 20_46_16  4.54877795e+02 5.45559478e+02 6.54318913e+02 7.84759970e+02
05-04-19 20_46_16  9.41204967e+02 1.12883789e+03 1.35387618e+03 1.62377674e+03
05-04-19 20_46_16  1.94748304e+03 2.33572147e+03 2.80135676e+03 3.35981829e+03
05-04-19 20_46_16  4.02961132e+03 4.83293024e+03 5.79639395e+03 6.95192796e+03
05-04-19 20_46_16  8.33782223e+03 1.00000000e+04 1.25892541e+04 3.54813389e+04
05-04-19 20_46_16  1.00000000e+05]
05-04-19 20_46_16     dim   : [  1   2   3   5   7   9  11  13  15  17  19  21  23  25  25  35  45  55
05-04-19 20_46_16   65  75  85  95 105]
05-04-19 20_46_16 
05-04-19 20_46_17 Skip training sub-15_pn170438, using cached file.
05-04-19 20_46_17 Begin processing 11/20: sub-03_bp160018 
05-04-19 20_46_17 Searching space is:
05-04-19 20_46_17     alpha : [0.00000000e+00 1.00000000e+00 3.98107171e+00 1.58489319e+01
05-04-19 20_46_17  6.30957344e+01 2.51188643e+02 3.16227766e+02 3.79269019e+02
05-04-19 20_46_17  4.54877795e+02 5.45559478e+02 6.54318913e+02 7.84759970e+02
05-04-19 20_46_17  9.41204967e+02 1.12883789e+03 1.35387618e+03 1.62377674e+03
05-04-19 20_46_17  1.94748304e+03 2.33572147e+03 2.80135676e+03 3.35981829e+03
05-04-19 20_46_17  4.02961132e+03 4.83293024e+03 5.79639395e+03 6.95192796e+03
05-04-19 20_46_17  8.33782223e+03 1.00000000e+04 1.25892541e+04 3.54813389e+04
05-04-19 20_46_17  1.00000000e+05]
05-04-19 20_46_17     dim   : [  1   2   3   5   7   9  11  13  15  17  19  21  23  25  25  35  45  55
05-04-19 20_46_17   65  75  85  95 105]
05-04-19 20_46_17 
05-04-19 20_46_18 Skip training sub-03_bp160018, using cached file.
05-04-19 20_46_18 Begin processing 12/20: sub-16_ps180177 
05-04-19 20_46_18 Searching space is:
05-04-19 20_46_18     alpha : [0.00000000e+00 1.00000000e+00 3.98107171e+00 1.58489319e+01
05-04-19 20_46_18  6.30957344e+01 2.51188643e+02 3.16227766e+02 3.79269019e+02
05-04-19 20_46_18  4.54877795e+02 5.45559478e+02 6.54318913e+02 7.84759970e+02
05-04-19 20_46_18  9.41204967e+02 1.12883789e+03 1.35387618e+03 1.62377674e+03
05-04-19 20_46_18  1.94748304e+03 2.33572147e+03 2.80135676e+03 3.35981829e+03
05-04-19 20_46_18  4.02961132e+03 4.83293024e+03 5.79639395e+03 6.95192796e+03
05-04-19 20_46_18  8.33782223e+03 1.00000000e+04 1.25892541e+04 3.54813389e+04
05-04-19 20_46_18  1.00000000e+05]
05-04-19 20_46_18     dim   : [  1   2   3   5   7   9  11  13  15  17  19  21  23  25  25  35  45  55
05-04-19 20_46_18   65  75  85  95 105]
05-04-19 20_46_18 
05-04-19 20_46_36 Fold 0/9
05-04-19 21_04_45 Fold 1/9
05-04-19 21_22_48 Fold 2/9
05-04-19 21_40_50 Fold 3/9
05-04-19 21_58_57 Fold 4/9
05-04-19 22_17_12 Fold 5/9
05-04-19 22_35_18 Fold 6/9
05-04-19 22_53_26 Fold 7/9
05-04-19 23_11_45 Fold 8/9
05-04-19 23_29_57 Begin processing 13/20: sub-19_cp140161 
05-04-19 23_29_57 Searching space is:
05-04-19 23_29_57     alpha : [0.00000000e+00 1.00000000e+00 3.98107171e+00 1.58489319e+01
05-04-19 23_29_57  6.30957344e+01 2.51188643e+02 3.16227766e+02 3.79269019e+02
05-04-19 23_29_57  4.54877795e+02 5.45559478e+02 6.54318913e+02 7.84759970e+02
05-04-19 23_29_57  9.41204967e+02 1.12883789e+03 1.35387618e+03 1.62377674e+03
05-04-19 23_29_57  1.94748304e+03 2.33572147e+03 2.80135676e+03 3.35981829e+03
05-04-19 23_29_57  4.02961132e+03 4.83293024e+03 5.79639395e+03 6.95192796e+03
05-04-19 23_29_57  8.33782223e+03 1.00000000e+04 1.25892541e+04 3.54813389e+04
05-04-19 23_29_57  1.00000000e+05]
05-04-19 23_29_57     dim   : [  1   2   3   5   7   9  11  13  15  17  19  21  23  25  25  35  45  55
05-04-19 23_29_57   65  75  85  95 105]
05-04-19 23_29_57 
05-04-19 23_30_15 Fold 0/9
05-04-19 23_48_23 Fold 1/9
06-04-19 00_06_34 Fold 2/9
06-04-19 00_24_40 Fold 3/9
06-04-19 00_42_56 Fold 4/9
06-04-19 01_01_08 Fold 5/9
06-04-19 01_19_16 Fold 6/9
06-04-19 01_37_27 Fold 7/9
06-04-19 01_55_42 Fold 8/9
06-04-19 02_13_51 Begin processing 14/20: sub-11_ma180162 
06-04-19 02_13_51 Searching space is:
06-04-19 02_13_51     alpha : [0.00000000e+00 1.00000000e+00 3.98107171e+00 1.58489319e+01
06-04-19 02_13_51  6.30957344e+01 2.51188643e+02 3.16227766e+02 3.79269019e+02
06-04-19 02_13_51  4.54877795e+02 5.45559478e+02 6.54318913e+02 7.84759970e+02
06-04-19 02_13_51  9.41204967e+02 1.12883789e+03 1.35387618e+03 1.62377674e+03
06-04-19 02_13_51  1.94748304e+03 2.33572147e+03 2.80135676e+03 3.35981829e+03
06-04-19 02_13_51  4.02961132e+03 4.83293024e+03 5.79639395e+03 6.95192796e+03
06-04-19 02_13_51  8.33782223e+03 1.00000000e+04 1.25892541e+04 3.54813389e+04
06-04-19 02_13_51  1.00000000e+05]
06-04-19 02_13_51     dim   : [  1   2   3   5   7   9  11  13  15  17  19  21  23  25  25  35  45  55
06-04-19 02_13_51   65  75  85  95 105]
06-04-19 02_13_51 
06-04-19 02_14_11 Fold 0/9
06-04-19 02_32_25 Fold 1/9
06-04-19 02_50_37 Fold 2/9
06-04-19 03_08_45 Fold 3/9
06-04-19 03_27_02 Fold 4/9
06-04-19 03_45_18 Fold 5/9
06-04-19 04_03_28 Fold 6/9
06-04-19 04_21_47 Fold 7/9
06-04-19 04_40_00 Fold 8/9
06-04-19 04_58_16 Begin processing 15/20: sub-09_gq180042 
06-04-19 04_58_16 Searching space is:
06-04-19 04_58_16     alpha : [0.00000000e+00 1.00000000e+00 3.98107171e+00 1.58489319e+01
06-04-19 04_58_16  6.30957344e+01 2.51188643e+02 3.16227766e+02 3.79269019e+02
06-04-19 04_58_16  4.54877795e+02 5.45559478e+02 6.54318913e+02 7.84759970e+02
06-04-19 04_58_16  9.41204967e+02 1.12883789e+03 1.35387618e+03 1.62377674e+03
06-04-19 04_58_16  1.94748304e+03 2.33572147e+03 2.80135676e+03 3.35981829e+03
06-04-19 04_58_16  4.02961132e+03 4.83293024e+03 5.79639395e+03 6.95192796e+03
06-04-19 04_58_16  8.33782223e+03 1.00000000e+04 1.25892541e+04 3.54813389e+04
06-04-19 04_58_16  1.00000000e+05]
06-04-19 04_58_16     dim   : [  1   2   3   5   7   9  11  13  15  17  19  21  23  25  25  35  45  55
06-04-19 04_58_16   65  75  85  95 105]
06-04-19 04_58_16 
06-04-19 04_58_37 Fold 0/9
06-04-19 05_16_54 Fold 1/9
06-04-19 05_35_06 Fold 2/9
06-04-19 05_53_23 Fold 3/9
06-04-19 06_11_41 Fold 4/9
06-04-19 06_29_54 Fold 5/9
06-04-19 06_48_06 Fold 6/9
06-04-19 07_06_28 Fold 7/9
06-04-19 07_24_46 Fold 8/9
06-04-19 07_43_01 Begin processing 16/20: sub-20_cs150204 
06-04-19 07_43_01 Searching space is:
06-04-19 07_43_01     alpha : [0.00000000e+00 1.00000000e+00 3.98107171e+00 1.58489319e+01
06-04-19 07_43_01  6.30957344e+01 2.51188643e+02 3.16227766e+02 3.79269019e+02
06-04-19 07_43_01  4.54877795e+02 5.45559478e+02 6.54318913e+02 7.84759970e+02
06-04-19 07_43_01  9.41204967e+02 1.12883789e+03 1.35387618e+03 1.62377674e+03
06-04-19 07_43_01  1.94748304e+03 2.33572147e+03 2.80135676e+03 3.35981829e+03
06-04-19 07_43_01  4.02961132e+03 4.83293024e+03 5.79639395e+03 6.95192796e+03
06-04-19 07_43_01  8.33782223e+03 1.00000000e+04 1.25892541e+04 3.54813389e+04
06-04-19 07_43_01  1.00000000e+05]
06-04-19 07_43_01     dim   : [  1   2   3   5   7   9  11  13  15  17  19  21  23  25  25  35  45  55
06-04-19 07_43_01   65  75  85  95 105]
06-04-19 07_43_01 
06-04-19 07_43_19 Fold 0/9
06-04-19 08_01_31 Fold 1/9
06-04-19 08_19_48 Fold 2/9
06-04-19 08_38_00 Fold 3/9
06-04-19 08_56_18 Fold 4/9
06-04-19 09_14_30 Fold 5/9
06-04-19 09_32_39 Fold 6/9
06-04-19 09_50_52 Fold 7/9
06-04-19 10_09_05 Fold 8/9
06-04-19 10_27_23 Begin processing 17/20: sub-10_jm100109 
06-04-19 10_27_23 Searching space is:
06-04-19 10_27_23     alpha : [0.00000000e+00 1.00000000e+00 3.98107171e+00 1.58489319e+01
06-04-19 10_27_23  6.30957344e+01 2.51188643e+02 3.16227766e+02 3.79269019e+02
06-04-19 10_27_23  4.54877795e+02 5.45559478e+02 6.54318913e+02 7.84759970e+02
06-04-19 10_27_23  9.41204967e+02 1.12883789e+03 1.35387618e+03 1.62377674e+03
06-04-19 10_27_23  1.94748304e+03 2.33572147e+03 2.80135676e+03 3.35981829e+03
06-04-19 10_27_23  4.02961132e+03 4.83293024e+03 5.79639395e+03 6.95192796e+03
06-04-19 10_27_23  8.33782223e+03 1.00000000e+04 1.25892541e+04 3.54813389e+04
06-04-19 10_27_23  1.00000000e+05]
06-04-19 10_27_23     dim   : [  1   2   3   5   7   9  11  13  15  17  19  21  23  25  25  35  45  55
06-04-19 10_27_23   65  75  85  95 105]
06-04-19 10_27_23 
06-04-19 10_27_41 Fold 0/9
06-04-19 10_45_50 Fold 1/9
06-04-19 11_04_05 Fold 2/9
06-04-19 11_22_22 Fold 3/9
06-04-19 11_40_40 Fold 4/9
06-04-19 11_58_56 Fold 5/9
06-04-19 12_17_10 Fold 6/9
06-04-19 12_35_30 Fold 7/9
06-04-19 12_53_43 Fold 8/9
06-04-19 13_11_55 Begin processing 18/20: sub-06_dg160099 
06-04-19 13_11_55 Searching space is:
06-04-19 13_11_55     alpha : [0.00000000e+00 1.00000000e+00 3.98107171e+00 1.58489319e+01
06-04-19 13_11_55  6.30957344e+01 2.51188643e+02 3.16227766e+02 3.79269019e+02
06-04-19 13_11_55  4.54877795e+02 5.45559478e+02 6.54318913e+02 7.84759970e+02
06-04-19 13_11_55  9.41204967e+02 1.12883789e+03 1.35387618e+03 1.62377674e+03
06-04-19 13_11_55  1.94748304e+03 2.33572147e+03 2.80135676e+03 3.35981829e+03
06-04-19 13_11_55  4.02961132e+03 4.83293024e+03 5.79639395e+03 6.95192796e+03
06-04-19 13_11_55  8.33782223e+03 1.00000000e+04 1.25892541e+04 3.54813389e+04
06-04-19 13_11_55  1.00000000e+05]
06-04-19 13_11_55     dim   : [  1   2   3   5   7   9  11  13  15  17  19  21  23  25  25  35  45  55
06-04-19 13_11_55   65  75  85  95 105]
06-04-19 13_11_55 
06-04-19 13_12_15 Fold 0/9
06-04-19 13_30_37 Fold 1/9
06-04-19 13_48_52 Fold 2/9
06-04-19 14_07_08 Fold 3/9
06-04-19 14_25_25 Fold 4/9
06-04-19 14_43_40 Fold 5/9
06-04-19 15_01_54 Fold 6/9
06-04-19 15_20_09 Fold 7/9
06-04-19 15_38_25 Fold 8/9
06-04-19 15_56_39 Begin processing 19/20: sub-01_aa170308 
06-04-19 15_56_39 Searching space is:
06-04-19 15_56_39     alpha : [0.00000000e+00 1.00000000e+00 3.98107171e+00 1.58489319e+01
06-04-19 15_56_39  6.30957344e+01 2.51188643e+02 3.16227766e+02 3.79269019e+02
06-04-19 15_56_39  4.54877795e+02 5.45559478e+02 6.54318913e+02 7.84759970e+02
06-04-19 15_56_39  9.41204967e+02 1.12883789e+03 1.35387618e+03 1.62377674e+03
06-04-19 15_56_39  1.94748304e+03 2.33572147e+03 2.80135676e+03 3.35981829e+03
06-04-19 15_56_39  4.02961132e+03 4.83293024e+03 5.79639395e+03 6.95192796e+03
06-04-19 15_56_39  8.33782223e+03 1.00000000e+04 1.25892541e+04 3.54813389e+04
06-04-19 15_56_39  1.00000000e+05]
06-04-19 15_56_39     dim   : [  1   2   3   5   7   9  11  13  15  17  19  21  23  25  25  35  45  55
06-04-19 15_56_39   65  75  85  95 105]
06-04-19 15_56_39 
06-04-19 15_57_00 Fold 0/9
06-04-19 16_15_17 Fold 1/9
06-04-19 16_33_31 Fold 2/9
06-04-19 16_51_53 Fold 3/9
06-04-19 17_10_09 Fold 4/9
06-04-19 17_28_28 Fold 5/9
06-04-19 17_46_46 Fold 6/9
06-04-19 18_05_00 Fold 7/9
06-04-19 18_23_18 Fold 8/9
06-04-19 18_41_40 /home/sying/root/anaconda3/envs/micipsa/lib/python3.6/site-packages/nilearn/plotting/__init__.py:20: UserWarning: 
06-04-19 18_41_40 This call to matplotlib.use() has no effect because the backend has already
06-04-19 18_41_40 been chosen; matplotlib.use() must be called *before* pylab, matplotlib.pyplot,
06-04-19 18_41_40 or matplotlib.backends is imported for the first time.
06-04-19 18_41_40 
06-04-19 18_41_40 The backend was *originally* set to 'WebAgg' by the following code:
06-04-19 18_41_40   File "./lib/Micipsa Pipeline.py", line 15, in <module>
06-04-19 18_41_40     import matplotlib.pyplot as plt
06-04-19 18_41_40   File "/home/sying/root/anaconda3/envs/micipsa/lib/python3.6/site-packages/matplotlib/pyplot.py", line 71, in <module>
06-04-19 18_41_40     from matplotlib.backends import pylab_setup
06-04-19 18_41_40   File "/home/sying/root/anaconda3/envs/micipsa/lib/python3.6/site-packages/matplotlib/backends/__init__.py", line 16, in <module>
06-04-19 18_41_40     line for line in traceback.format_stack()
06-04-19 18_41_40 
06-04-19 18_41_40 
06-04-19 18_41_40   matplotlib.use('Agg')
06-04-19 18_41_40 /home/sying/root/anaconda3/envs/micipsa/lib/python3.6/site-packages/nilearn/_utils/cache_mixin.py:301: DeprecationWarning: The 'cachedir' attribute has been deprecated in version 0.12 and will be removed in version 0.14.
06-04-19 18_41_40 Use os.path.join(memory.location, 'joblib') attribute instead.
06-04-19 18_41_40   if self.memory_level == 0 and self.memory.cachedir is not None:
06-04-19 18_41_40 /home/sying/root/anaconda3/envs/micipsa/lib/python3.6/site-packages/nilearn/signal.py:59: RuntimeWarning: invalid value encountered in sqrt
06-04-19 18_41_40   std = np.sqrt((signals ** 2).sum(axis=0))
06-04-19 18_41_40 /home/sying/root/anaconda3/envs/micipsa/lib/python3.6/site-packages/nilearn/_utils/cache_mixin.py:301: DeprecationWarning: The 'cachedir' attribute has been deprecated in version 0.12 and will be removed in version 0.14.
06-04-19 18_41_40 Use os.path.join(memory.location, 'joblib') attribute instead.
06-04-19 18_41_40   if self.memory_level == 0 and self.memory.cachedir is not None:
06-04-19 18_41_40 /home/sying/root/anaconda3/envs/micipsa/lib/python3.6/site-packages/nilearn/signal.py:59: RuntimeWarning: invalid value encountered in sqrt
06-04-19 18_41_40   std = np.sqrt((signals ** 2).sum(axis=0))
06-04-19 18_41_40 /home/sying/root/anaconda3/envs/micipsa/lib/python3.6/site-packages/nilearn/_utils/cache_mixin.py:301: DeprecationWarning: The 'cachedir' attribute has been deprecated in version 0.12 and will be removed in version 0.14.
06-04-19 18_41_40 Use os.path.join(memory.location, 'joblib') attribute instead.
06-04-19 18_41_40   if self.memory_level == 0 and self.memory.cachedir is not None:
06-04-19 18_41_40 /home/sying/root/anaconda3/envs/micipsa/lib/python3.6/site-packages/nilearn/signal.py:59: RuntimeWarning: invalid value encountered in sqrt
06-04-19 18_41_40   std = np.sqrt((signals ** 2).sum(axis=0))
06-04-19 18_41_40 /home/sying/root/anaconda3/envs/micipsa/lib/python3.6/site-packages/nilearn/_utils/cache_mixin.py:301: DeprecationWarning: The 'cachedir' attribute has been deprecated in version 0.12 and will be removed in version 0.14.
06-04-19 18_41_40 Use os.path.join(memory.location, 'joblib') attribute instead.
06-04-19 18_41_40   if self.memory_level == 0 and self.memory.cachedir is not None:
06-04-19 18_41_40 /home/sying/root/anaconda3/envs/micipsa/lib/python3.6/site-packages/nilearn/signal.py:59: RuntimeWarning: invalid value encountered in sqrt
06-04-19 18_41_40   std = np.sqrt((signals ** 2).sum(axis=0))
06-04-19 18_41_40 /home/sying/root/anaconda3/envs/micipsa/lib/python3.6/site-packages/nilearn/_utils/cache_mixin.py:301: DeprecationWarning: The 'cachedir' attribute has been deprecated in version 0.12 and will be removed in version 0.14.
06-04-19 18_41_40 Use os.path.join(memory.location, 'joblib') attribute instead.
06-04-19 18_41_40   if self.memory_level == 0 and self.memory.cachedir is not None:
06-04-19 18_41_40 /home/sying/root/anaconda3/envs/micipsa/lib/python3.6/site-packages/nilearn/signal.py:59: RuntimeWarning: invalid value encountered in sqrt
06-04-19 18_41_40   std = np.sqrt((signals ** 2).sum(axis=0))
06-04-19 18_41_40 /home/sying/root/anaconda3/envs/micipsa/lib/python3.6/site-packages/nilearn/_utils/cache_mixin.py:301: DeprecationWarning: The 'cachedir' attribute has been deprecated in version 0.12 and will be removed in version 0.14.
06-04-19 18_41_40 Use os.path.join(memory.location, 'joblib') attribute instead.
06-04-19 18_41_40   if self.memory_level == 0 and self.memory.cachedir is not None:
06-04-19 18_41_40 /home/sying/root/anaconda3/envs/micipsa/lib/python3.6/site-packages/nilearn/signal.py:59: RuntimeWarning: invalid value encountered in sqrt
06-04-19 18_41_40   std = np.sqrt((signals ** 2).sum(axis=0))
06-04-19 18_41_40 /home/sying/root/anaconda3/envs/micipsa/lib/python3.6/site-packages/nilearn/_utils/cache_mixin.py:301: DeprecationWarning: The 'cachedir' attribute has been deprecated in version 0.12 and will be removed in version 0.14.
06-04-19 18_41_40 Use os.path.join(memory.location, 'joblib') attribute instead.
06-04-19 18_41_40   if self.memory_level == 0 and self.memory.cachedir is not None:
06-04-19 18_41_40 /home/sying/root/anaconda3/envs/micipsa/lib/python3.6/site-packages/nilearn/signal.py:59: RuntimeWarning: invalid value encountered in sqrt
06-04-19 18_41_40   std = np.sqrt((signals ** 2).sum(axis=0))
06-04-19 18_41_40 /home/sying/root/anaconda3/envs/micipsa/lib/python3.6/site-packages/nilearn/_utils/cache_mixin.py:301: DeprecationWarning: The 'cachedir' attribute has been deprecated in version 0.12 and will be removed in version 0.14.
06-04-19 18_41_40 Use os.path.join(memory.location, 'joblib') attribute instead.
06-04-19 18_41_40   if self.memory_level == 0 and self.memory.cachedir is not None:
06-04-19 18_41_40 /home/sying/root/anaconda3/envs/micipsa/lib/python3.6/site-packages/nilearn/signal.py:59: RuntimeWarning: invalid value encountered in sqrt
06-04-19 18_41_40   std = np.sqrt((signals ** 2).sum(axis=0))
06-04-19 18_41_40 /home/sying/root/anaconda3/envs/micipsa/lib/python3.6/site-packages/nilearn/_utils/cache_mixin.py:301: DeprecationWarning: The 'cachedir' attribute has been deprecated in version 0.12 and will be removed in version 0.14.
06-04-19 18_41_40 Use os.path.join(memory.location, 'joblib') attribute instead.
06-04-19 18_41_40   if self.memory_level == 0 and self.memory.cachedir is not None:
06-04-19 18_41_40 /home/sying/root/anaconda3/envs/micipsa/lib/python3.6/site-packages/nilearn/signal.py:59: RuntimeWarning: invalid value encountered in sqrt
06-04-19 18_41_40   std = np.sqrt((signals ** 2).sum(axis=0))
06-04-19 18_41_40 /home/sying/root/anaconda3/envs/micipsa/lib/python3.6/site-packages/nilearn/_utils/cache_mixin.py:301: DeprecationWarning: The 'cachedir' attribute has been deprecated in version 0.12 and will be removed in version 0.14.
06-04-19 18_41_40 Use os.path.join(memory.location, 'joblib') attribute instead.
06-04-19 18_41_40   if self.memory_level == 0 and self.memory.cachedir is not None:
06-04-19 18_41_40 /home/sying/root/anaconda3/envs/micipsa/lib/python3.6/site-packages/nilearn/signal.py:59: RuntimeWarning: invalid value encountered in sqrt
06-04-19 18_41_40   std = np.sqrt((signals ** 2).sum(axis=0))
06-04-19 18_41_40 Traceback (most recent call last):
06-04-19 18_41_40   File "./lib/Micipsa Pipeline.py", line 84, in <module>
06-04-19 18_41_40     first_level_analysis(design_matrices_dir, subjects_fmri_data, output_dir, model, alpha_space, dimension_space)
06-04-19 18_41_40   File "/home/sying/Documents/LePetitPrince_Pallier2018/lpp-scripts3/lib/firstlevel.py", line 123, in main
06-04-19 18_41_40     generate_subject_imgs(subj_dir, output_dir, masker)
06-04-19 18_41_40   File "/home/sying/Documents/LePetitPrince_Pallier2018/lpp-scripts3/lib/firstlevel.py", line 37, in generate_subject_imgs
06-04-19 18_41_40     assert len(r2_score_file) == 9, '{} has no/corrupted pickled score files.'.format(subject)
06-04-19 18_41_40 AssertionError: /home/sying/Documents/LePetitPrince_Pallier2018/french-mri-data/ has no/corrupted pickled score files.
