mkdir -p outputs/results-indiv-ridge/fr/rms-wrate-cwrate-sim103; \
python /home/sying/Documents/LePetitPrince_Pallier2018/lpp-scripts3/./models/fr/rms-wrate-cwrate-sim103//r2maps_Ridge_nestedcrossval.py \
	--subject_fmri_data=/home/sying/Documents/LePetitPrince_Pallier2018/french-mri-data \
	--design_matrices=outputs/design-matrices/fr/rms-wrate-cwrate-sim103 \
	--output_dir=outputs/results-indiv-ridge/fr/rms-wrate-cwrate-sim103
Main: computing global masker.
Main: global masker retrieved from cache.
Main: computing for subject sub-07_fm180074
sub-07_fm180074 best alpha 2976.351441631319
Main: computing for subject sub-17_sy180140
sub-17_sy180140 best alpha 3792.69019073225
Main: computing for subject sub-13_mp150285
sub-13_mp150285 best alpha 3792.69019073225
Main: computing for subject sub-02_ag170045
sub-02_ag170045 best alpha 4281.332398719395
Main: computing for subject sub-18_cr170417
sub-18_cr170417 best alpha 3792.69019073225
Main: computing for subject sub-14_mt170249
sub-14_mt170249 best alpha 3792.69019073225
Main: computing for subject sub-05_cj160239
sub-05_cj160239 best alpha 4281.332398719395
Main: computing for subject sub-04_cb180224
sub-04_cb180224 best alpha 4281.332398719395
Main: computing for subject sub-12_ml140071
sub-12_ml140071 best alpha 3359.818286283781
Main: computing for subject sub-08_ga130053
sub-08_ga130053 best alpha 4832.930238571752
Main: computing for subject sub-15_pn170438
sub-15_pn170438 best alpha 4281.332398719395
Main: computing for subject sub-03_bp160018
sub-03_bp160018 best alpha 3792.69019073225
Main: computing for subject sub-16_ps180177
sub-16_ps180177 best alpha 2976.351441631319
/home/sying/root/anaconda3/envs/micipsa/lib/python3.6/importlib/_bootstrap.py:219: ImportWarning: can't resolve package from __spec__ or __package__, falling back on __name__ and __path__
  return f(*args, **kwds)
/home/sying/root/anaconda3/envs/micipsa/lib/python3.6/importlib/_bootstrap.py:219: ImportWarning: can't resolve package from __spec__ or __package__, falling back on __name__ and __path__
  return f(*args, **kwds)
/home/sying/root/anaconda3/envs/micipsa/lib/python3.6/site-packages/nilearn/_utils/cache_mixin.py:301: DeprecationWarning: The 'cachedir' attribute has been deprecated in version 0.12 and will be removed in version 0.14.
Use os.path.join(memory.location, 'joblib') attribute instead.
  if self.memory_level == 0 and self.memory.cachedir is not None:
/home/sying/root/anaconda3/envs/micipsa/lib/python3.6/site-packages/nilearn/signal.py:59: RuntimeWarning: invalid value encountered in sqrt
  std = np.sqrt((signals ** 2).sum(axis=0))
/home/sying/root/anaconda3/envs/micipsa/lib/python3.6/site-packages/nilearn/_utils/cache_mixin.py:301: DeprecationWarning: The 'cachedir' attribute has been deprecated in version 0.12 and will be removed in version 0.14.
Use os.path.join(memory.location, 'joblib') attribute instead.
  if self.memory_level == 0 and self.memory.cachedir is not None:
/home/sying/root/anaconda3/envs/micipsa/lib/python3.6/site-packages/nilearn/signal.py:59: RuntimeWarning: invalid value encountered in sqrt
  std = np.sqrt((signals ** 2).sum(axis=0))
/home/sying/root/anaconda3/envs/micipsa/lib/python3.6/site-packages/nilearn/_utils/cache_mixin.py:301: DeprecationWarning: The 'cachedir' attribute has been deprecated in version 0.12 and will be removed in version 0.14.
Use os.path.join(memory.location, 'joblib') attribute instead.
  if self.memory_level == 0 and self.memory.cachedir is not None:
/home/sying/root/anaconda3/envs/micipsa/lib/python3.6/site-packages/nilearn/signal.py:59: RuntimeWarning: invalid value encountered in sqrt
  std = np.sqrt((signals ** 2).sum(axis=0))
/home/sying/root/anaconda3/envs/micipsa/lib/python3.6/site-packages/nilearn/_utils/cache_mixin.py:301: DeprecationWarning: The 'cachedir' attribute has been deprecated in version 0.12 and will be removed in version 0.14.
Use os.path.join(memory.location, 'joblib') attribute instead.
  if self.memory_level == 0 and self.memory.cachedir is not None:
/home/sying/root/anaconda3/envs/micipsa/lib/python3.6/site-packages/nilearn/signal.py:59: RuntimeWarning: invalid value encountered in sqrt
  std = np.sqrt((signals ** 2).sum(axis=0))
/home/sying/root/anaconda3/envs/micipsa/lib/python3.6/site-packages/nilearn/_utils/cache_mixin.py:301: DeprecationWarning: The 'cachedir' attribute has been deprecated in version 0.12 and will be removed in version 0.14.
Use os.path.join(memory.location, 'joblib') attribute instead.
  if self.memory_level == 0 and self.memory.cachedir is not None:
/home/sying/root/anaconda3/envs/micipsa/lib/python3.6/site-packages/nilearn/signal.py:59: RuntimeWarning: invalid value encountered in sqrt
  std = np.sqrt((signals ** 2).sum(axis=0))
/home/sying/root/anaconda3/envs/micipsa/lib/python3.6/site-packages/nilearn/_utils/cache_mixin.py:301: DeprecationWarning: The 'cachedir' attribute has been deprecated in version 0.12 and will be removed in version 0.14.
Use os.path.join(memory.location, 'joblib') attribute instead.
  if self.memory_level == 0 and self.memory.cachedir is not None:
/home/sying/root/anaconda3/envs/micipsa/lib/python3.6/site-packages/nilearn/signal.py:59: RuntimeWarning: invalid value encountered in sqrt
  std = np.sqrt((signals ** 2).sum(axis=0))
/home/sying/root/anaconda3/envs/micipsa/lib/python3.6/site-packages/nilearn/_utils/cache_mixin.py:301: DeprecationWarning: The 'cachedir' attribute has been deprecated in version 0.12 and will be removed in version 0.14.
Use os.path.join(memory.location, 'joblib') attribute instead.
  if self.memory_level == 0 and self.memory.cachedir is not None:
/home/sying/root/anaconda3/envs/micipsa/lib/python3.6/site-packages/nilearn/signal.py:59: RuntimeWarning: invalid value encountered in sqrt
  std = np.sqrt((signals ** 2).sum(axis=0))
/home/sying/root/anaconda3/envs/micipsa/lib/python3.6/site-packages/nilearn/_utils/cache_mixin.py:301: DeprecationWarning: The 'cachedir' attribute has been deprecated in version 0.12 and will be removed in version 0.14.
Use os.path.join(memory.location, 'joblib') attribute instead.
  if self.memory_level == 0 and self.memory.cachedir is not None:
/home/sying/root/anaconda3/envs/micipsa/lib/python3.6/site-packages/nilearn/signal.py:59: RuntimeWarning: invalid value encountered in sqrt
  std = np.sqrt((signals ** 2).sum(axis=0))
/home/sying/root/anaconda3/envs/micipsa/lib/python3.6/site-packages/nilearn/_utils/cache_mixin.py:301: DeprecationWarning: The 'cachedir' attribute has been deprecated in version 0.12 and will be removed in version 0.14.
Use os.path.join(memory.location, 'joblib') attribute instead.
  if self.memory_level == 0 and self.memory.cachedir is not None:
/home/sying/root/anaconda3/envs/micipsa/lib/python3.6/site-packages/nilearn/signal.py:59: RuntimeWarning: invalid value encountered in sqrt
  std = np.sqrt((signals ** 2).sum(axis=0))
/home/sying/root/anaconda3/envs/micipsa/lib/python3.6/site-packages/nilearn/_utils/cache_mixin.py:301: DeprecationWarning: The 'cachedir' attribute has been deprecated in version 0.12 and will be removed in version 0.14.
Use os.path.join(memory.location, 'joblib') attribute instead.
  if self.memory_level == 0 and self.memory.cachedir is not None:
/home/sying/root/anaconda3/envs/micipsa/lib/python3.6/site-packages/nilearn/signal.py:59: RuntimeWarning: invalid value encountered in sqrt
  std = np.sqrt((signals ** 2).sum(axis=0))
/home/sying/root/anaconda3/envs/micipsa/lib/python3.6/site-packages/nilearn/_utils/cache_mixin.py:301: DeprecationWarning: The 'cachedir' attribute has been deprecated in version 0.12 and will be removed in version 0.14.
Use os.path.join(memory.location, 'joblib') attribute instead.
  if self.memory_level == 0 and self.memory.cachedir is not None:
/home/sying/root/anaconda3/envs/micipsa/lib/python3.6/site-packages/nilearn/signal.py:59: RuntimeWarning: invalid value encountered in sqrt
  std = np.sqrt((signals ** 2).sum(axis=0))
/home/sying/root/anaconda3/envs/micipsa/lib/python3.6/site-packages/nilearn/_utils/cache_mixin.py:301: DeprecationWarning: The 'cachedir' attribute has been deprecated in version 0.12 and will be removed in version 0.14.
Use os.path.join(memory.location, 'joblib') attribute instead.
  if self.memory_level == 0 and self.memory.cachedir is not None:
/home/sying/root/anaconda3/envs/micipsa/lib/python3.6/site-packages/nilearn/signal.py:59: RuntimeWarning: invalid value encountered in sqrt
  std = np.sqrt((signals ** 2).sum(axis=0))
/home/sying/root/anaconda3/envs/micipsa/lib/python3.6/site-packages/nilearn/_utils/cache_mixin.py:301: DeprecationWarning: The 'cachedir' attribute has been deprecated in version 0.12 and will be removed in version 0.14.
Use os.path.join(memory.location, 'joblib') attribute instead.
  if self.memory_level == 0 and self.memory.cachedir is not None:
/home/sying/root/anaconda3/envs/micipsa/lib/python3.6/site-packages/nilearn/signal.py:59: RuntimeWarning: invalid value encountered in sqrt
  std = np.sqrt((signals ** 2).sum(axis=0))
/home/sying/root/anaconda3/envs/micipsa/lib/python3.6/site-packages/nilearn/_utils/cache_mixin.py:301: DeprecationWarning: The 'cachedir' attribute has been deprecated in version 0.12 and will be removed in version 0.14.
Use os.path.join(memory.location, 'joblib') attribute instead.
  if self.memory_level == 0 and self.memory.cachedir is not None:
/home/sying/root/anaconda3/envs/micipsa/lib/python3.6/site-packages/nilearn/signal.py:59: RuntimeWarning: invalid value encountered in sqrt
  std = np.sqrt((signals ** 2).sum(axis=0))
/home/sying/root/anaconda3/envs/micipsa/lib/python3.6/site-packages/nilearn/_utils/cache_mixin.py:301: DeprecationWarning: The 'cachedir' attribute has been deprecated in version 0.12 and will be removed in version 0.14.
Use os.path.join(memory.location, 'joblib') attribute instead.
  if self.memory_level == 0 and self.memory.cachedir is not None:
Main: computing for subject sub-19_cp140161
sub-19_cp140161 best alpha 2069.13808111479
Main: computing for subject sub-11_ma180162
sub-11_ma180162 best alpha 4281.332398719395
Main: computing for subject sub-09_gq180042
sub-09_gq180042 best alpha 3359.818286283781
Main: computing for subject sub-20_cs150204
sub-20_cs150204 best alpha 2976.351441631319
Main: computing for subject sub-10_jm100109
sub-10_jm100109 best alpha 3792.69019073225
Main: computing for subject sub-06_dg160099
sub-06_dg160099 best alpha 4281.332398719395
Main: computing for subject sub-01_aa170308
sub-01_aa170308 best alpha 4281.332398719395
/home/sying/root/anaconda3/envs/micipsa/lib/python3.6/site-packages/nilearn/signal.py:59: RuntimeWarning: invalid value encountered in sqrt
  std = np.sqrt((signals ** 2).sum(axis=0))
/home/sying/root/anaconda3/envs/micipsa/lib/python3.6/site-packages/nilearn/_utils/cache_mixin.py:301: DeprecationWarning: The 'cachedir' attribute has been deprecated in version 0.12 and will be removed in version 0.14.
Use os.path.join(memory.location, 'joblib') attribute instead.
  if self.memory_level == 0 and self.memory.cachedir is not None:
/home/sying/root/anaconda3/envs/micipsa/lib/python3.6/site-packages/nilearn/signal.py:59: RuntimeWarning: invalid value encountered in sqrt
  std = np.sqrt((signals ** 2).sum(axis=0))
/home/sying/root/anaconda3/envs/micipsa/lib/python3.6/site-packages/nilearn/_utils/cache_mixin.py:301: DeprecationWarning: The 'cachedir' attribute has been deprecated in version 0.12 and will be removed in version 0.14.
Use os.path.join(memory.location, 'joblib') attribute instead.
  if self.memory_level == 0 and self.memory.cachedir is not None:
/home/sying/root/anaconda3/envs/micipsa/lib/python3.6/site-packages/nilearn/signal.py:59: RuntimeWarning: invalid value encountered in sqrt
  std = np.sqrt((signals ** 2).sum(axis=0))
/home/sying/root/anaconda3/envs/micipsa/lib/python3.6/site-packages/nilearn/_utils/cache_mixin.py:301: DeprecationWarning: The 'cachedir' attribute has been deprecated in version 0.12 and will be removed in version 0.14.
Use os.path.join(memory.location, 'joblib') attribute instead.
  if self.memory_level == 0 and self.memory.cachedir is not None:
/home/sying/root/anaconda3/envs/micipsa/lib/python3.6/site-packages/nilearn/signal.py:59: RuntimeWarning: invalid value encountered in sqrt
  std = np.sqrt((signals ** 2).sum(axis=0))
/home/sying/root/anaconda3/envs/micipsa/lib/python3.6/site-packages/nilearn/_utils/cache_mixin.py:301: DeprecationWarning: The 'cachedir' attribute has been deprecated in version 0.12 and will be removed in version 0.14.
Use os.path.join(memory.location, 'joblib') attribute instead.
  if self.memory_level == 0 and self.memory.cachedir is not None:
/home/sying/root/anaconda3/envs/micipsa/lib/python3.6/site-packages/nilearn/signal.py:59: RuntimeWarning: invalid value encountered in sqrt
  std = np.sqrt((signals ** 2).sum(axis=0))
/home/sying/root/anaconda3/envs/micipsa/lib/python3.6/site-packages/nilearn/_utils/cache_mixin.py:301: DeprecationWarning: The 'cachedir' attribute has been deprecated in version 0.12 and will be removed in version 0.14.
Use os.path.join(memory.location, 'joblib') attribute instead.
  if self.memory_level == 0 and self.memory.cachedir is not None:
/home/sying/root/anaconda3/envs/micipsa/lib/python3.6/site-packages/nilearn/signal.py:59: RuntimeWarning: invalid value encountered in sqrt
  std = np.sqrt((signals ** 2).sum(axis=0))
/home/sying/root/anaconda3/envs/micipsa/lib/python3.6/site-packages/nilearn/_utils/cache_mixin.py:301: DeprecationWarning: The 'cachedir' attribute has been deprecated in version 0.12 and will be removed in version 0.14.
Use os.path.join(memory.location, 'joblib') attribute instead.
  if self.memory_level == 0 and self.memory.cachedir is not None:
sys:1: ResourceWarning: unclosed file <_io.TextIOWrapper name='outputs/results-indiv-ridge/fr/rms-wrate-cwrate-sim103/run_newmask.log' mode='a+' encoding='UTF-8'>
